Trigger: ríki, noun
	noun|dat|ríki|noun pp|í
Trigger: hvetja, active
	subj|nom|hvetja|active
Trigger: mánuður, noun
	noun|dat|mánuður|noun pp|í
	noun|dat|mánuður|noun pp|að
Trigger: fjölmiðli, noun
	noun|dat|fjölmiðli|noun pp|í
Trigger: ár, noun
	noun|dat|ár|noun pp|í
Trigger: fórnarlamb, noun
	noun|dat|fórnarlamb|noun pp|í
Trigger: aðild, noun
	noun|dat|aðild|noun pp|í
	noun|dat|aðild|noun pp|að
Trigger: lögregla, noun
	noun|acc|lögregla|noun pp|á
	noun|acc|lögregla|noun pp|í
	noun|acc|lögregla|noun pp|um
	noun|gen|lögregla|noun pp|til
	noun|acc|lögregla|noun pp|við
	noun|dat|lögregla|noun pp|á
	noun|dat|lögregla|noun pp|í
Trigger: myrða, active
	noun|dat|myrða|active pp|í
Trigger: særða, active
	noun|dat|særða|active pp|í
Trigger: frakkland, noun
	noun|dat|frakkland|noun pp|í
Trigger: þáttur, noun
	noun|dat|þáttur|noun pp|í
Trigger: keyra, active
	obj|acc|keyra|active
	noun|dat|keyra|active pp|í
	subj|nom|keyra|active
Trigger: hryðjuverk, noun
	noun|dat|hryðjuverk|noun pp|í
	noun|dat|hryðjuverk|noun pp|á
Trigger: árása, noun
	noun|acc|árása|noun pp|á
	noun|dat|árása|noun pp|í
	noun|acc|árása|noun pp|í
Trigger: árás, noun
	noun|dat|árás|noun pp|að
	noun|acc|árás|noun pp|í
	noun|acc|árás|noun pp|á
	noun|dat|árás|noun pp|í
	noun|dat|árás|noun pp|á
	noun|nom|árás|noun pp|í
Trigger: borg, noun
	noun|dat|borg|noun pp|í
Trigger: húsleit, noun
	noun|dat|húsleit|noun pp|í
Trigger: leita, active
	subj|nom|leita|active
	noun|dat|leita|active pp|í
	noun|dat|leita|active pp|að
Trigger: yfirvald, noun
	noun|acc|yfirvald|noun pp|í
	noun|dat|yfirvald|noun pp|í
	noun|dat|yfirvald|noun pp|á
Trigger: láta, active
	noun|dat|láta|active pp|á
	noun|dat|láta|active pp|í
Trigger: finna, active
	noun|dat|finna|active pp|í
	noun|dat|finna|active pp|á
Trigger: sprengja, noun
	noun|dat|sprengja|noun pp|á
	noun|dat|sprengja|noun pp|í
Trigger: ræða, active
	noun|acc|ræða|active pp|um
Trigger: særa, active
	noun|dat|særa|active pp|í
Trigger: skríða, active
	noun|dat|skríða|active pp|í
Trigger: gera, active
	obj|acc|gera|active
Trigger: árásarmaður, noun
	noun|dat|árásarmaður|noun pp|í
	noun|dat|árásarmaður|noun pp|á
Trigger: leggja, active
	noun|acc|leggja|active pp|á
Trigger: dagur, noun
	noun|dat|dagur|noun pp|í
Trigger: grunur, noun
	noun|dat|grunur|noun pp|í
Trigger: sjá, active
	subj|nom|sjá|active
	noun|dat|sjá|active pp|á
	noun|dat|sjá|active pp|í
Trigger: hryðjuverkaárásir, noun
	noun|dat|hryðjuverkaárásir|noun pp|á
	noun|dat|hryðjuverkaárásir|noun pp|í
Trigger: handtaka, active
	subj|nom|handtaka|active
	noun|dat|handtaka|active pp|í
Trigger: ferðast, active
	noun|gen|ferðast|active pp|til
Trigger: staður, noun
	noun|dat|staður|noun pp|á
Trigger: öryggisgæsla, noun
	noun|dat|öryggisgæsla|noun pp|í
Trigger: árásir, noun
	noun|acc|árásir|noun pp|í
	noun|dat|árásir|noun pp|í
	noun|dat|árásir|noun pp|á
Trigger: myndband, noun
	noun|dat|myndband|noun pp|af
Trigger: neyðarástand, noun
	noun|dat|neyðarástand|noun pp|í
Trigger: íslendingur, noun
	noun|dat|íslendingur|noun pp|í
Trigger: flugvöllur, noun
	noun|acc|flugvöllur|noun pp|í
	noun|dat|flugvöllur|noun pp|í
Trigger: tengsl, noun
	noun|acc|tengsl|noun pp|við
Trigger: líf, noun
	noun|dat|líf|noun pp|á
	noun|dat|líf|noun pp|í
Trigger: tengja, active
	subj|nom|tengja|active
	obj|dat|tengja|active
Trigger: sendiherra, noun
	noun|dat|sendiherra|noun pp|í
Trigger: kennsl, noun
	noun|acc|kennsl|noun pp|á
Trigger: fara, active
	noun|gen|fara|active pp|til
Trigger: lýsa, active
	subj|nom|lýsa|active
Trigger: sprunga, active
	subj|nom|sprunga|active
Trigger: áhlaup, noun
	noun|dat|áhlaup|noun pp|í
Trigger: fólk, noun
	noun|acc|fólk|noun pp|í
	noun|dat|fólk|noun pp|í
Trigger: standa, active
	noun|dat|standa|active pp|í
	noun|dat|standa|active pp|að
Trigger: koma, active
	noun|gen|koma|active pp|til
	noun|acc|koma|active pp|fyrir
	noun|dat|koma|active pp|á
	noun|dat|koma|active pp|að
	noun|dat|koma|active pp|í
Trigger: eiga, active
	noun|dat|eiga|active pp|í
Trigger: vörubíll, noun
	noun|dat|vörubíll|noun pp|í
Trigger: land, noun
	noun|dat|land|noun pp|í
Trigger: bera, active
	noun|dat|bera|active pp|í
Trigger: voðaverk, noun
	noun|dat|voðaverk|noun pp|í
Trigger: ábyrgð, noun
	noun|dat|ábyrgð|noun pp|á
	noun|acc|ábyrgð|noun pp|á
Trigger: ákæra, active
	noun|dat|ákæra|active pp|í
Trigger: falla, active
	noun|dat|falla|active pp|í
Trigger: maður, noun
	noun|dat|maður|noun pp|að
	noun|acc|maður|noun pp|við
	noun|dat|maður|noun pp|á
	noun|acc|maður|noun pp|í
	noun|dat|maður|noun pp|í
	noun|nom|maður|noun pp|í
Trigger: ódæði, noun
	noun|dat|ódæði|noun pp|í
Trigger: fremja, active
	obj|acc|fremja|active
Trigger: isis, noun
	noun|dat|isis|noun pp|í
Trigger: jólamarkaður, noun
	noun|dat|jólamarkaður|noun pp|í
Trigger: lögregluyfirvald, noun
	noun|dat|lögregluyfirvald|noun pp|í
Trigger: vera, active
	noun|dat|vera|active pp|í
	noun|dat|vera|active pp|frá
Trigger: sprenging, noun
	noun|dat|sprenging|noun pp|í
Trigger: lenda, active
	noun|dat|lenda|active pp|í
Trigger: rannsókn, noun
	noun|dat|rannsókn|noun pp|á
Trigger: hryðjuverka, noun
	noun|dat|hryðjuverka|noun pp|í
Trigger: fjöldi, noun
	noun|dat|fjöldi|noun pp|í
Trigger: saksóknari, noun
	noun|dat|saksóknari|noun pp|í
Trigger: hryðjuverkaárása, noun
	noun|dat|hryðjuverkaárása|noun pp|í
Trigger: sprengda, active
	noun|dat|sprengda|active pp|í
Trigger: verða, active
	subj|nom|verða|active
Trigger: aka, active
	subj|nom|aka|active
Trigger: hryðjuverkaárás, noun
	noun|dat|hryðjuverkaárás|noun pp|í
Trigger: ganga, active
	noun|gen|ganga|active pp|til
Trigger: flýja, active
	noun|dat|flýja|active pp|í
