PATTERNS AND EXTRACTS
noun|dat|hafa|active pp|frá
||staður
||ítalía
||albanía
||pólland
||daish
||edinborg
||embætti
||isis
||maelbeek
||sýrlandi
||vettvangur
||árása
||utanríkisráðuneyti
noun|dat|hryðjuverkaárásir|noun pp|í
||belgía
||samtal
||land
||mars
||brussel
||frakkland
||parís
||borg
||knattspyrna
noun|acc|leggja|active pp|á
||flótti
||ráð
noun|dat|gera|active pp|í
||hjarta
||berlín
||myndbandi
||sýrlandi
||nóvember
||nice
||frakkland
||parís
||belgía
||brussel
noun|dat|fjölmiðli|noun pp|í
||belgía
||borg
||land
||frakkland
noun|dat|árása|noun pp|í
||nice
||bíll
||sjónvarpsviðtal
||nóvember
||parís
||gærkvöld
||brussel
||yfirheyrsla
||parís
||nice
||borg
||parís
||frakkland
noun|acc|lögregla|noun pp|um
||hryðjuverkaárás
||belgía
||heimsálfa
||aðild
||óhapp
||árás
noun|dat|flugvöllur|noun pp|í
||belgía
||árás
||mál
||evrópa
||mars
||lest
||parís
||sprenginga
||brussel
||sprengjuárás
||vika
||tengsl
||árás
||borg
||nágrannaland
subj|nom|lýsa|active
||sjónarvottur
||hryðjuverkasamtöki
||nágranni
||líkur
||al-qaeda
||ríki
||samtök
||sjónarvottur
||isis
noun|acc|koma|active pp|í
||gærmorgunn
||kast
||ljós
||frétt
||vegur
||parís
||vika
||morgunn
||kynni
noun|dat|rannsókn|noun pp|á
||vettvangur
||svæði
||bakgrunnur
||bygging
||hryðjuverkaárása
||hryðjuverka
noun|nom|segja|active pp|í
||gær
noun|dat|jólamarkaður|noun pp|í
||charlottenburg
||berlín
||þýskaland
||land
||gærkvöld
||charlottenburg-hverfi
noun|dat|árás|noun pp|að
||abdeslam
||ræða
||túníski
||salah
||starfsfólk
||bouhlell
||árása
noun|dat|hryðjuverka|noun pp|í
||belgía
||parís
||rannsókn
||brussel
||brussel
noun|acc|sjá|active pp|á
||maður
||hönd
||fólk
noun|dat|standa|active pp|að
||túníski
||maður
||bouhell
||brussel
||hryðjuverkaárása
||frakki
||árása
||bak
noun|acc|kennsl|noun pp|á
||maður
||lík
||maður
||vitorðsmaður
||sprengjumaður
noun|acc|vera|active pp|á
||vettvangur
||morgunn
||frelsi
||list
||charlie
||vegur
||háls
||viðbúnaðarstigi
||vegur
||háttur
||flugvöllur
||matvöruverslun
||fimmtudagur
||hlunnur
||lík
||fótur
||ár
||list
||ráð
||flug
||bíll
||flótti
||númeri
||boston-maraþon
||laugardagur
||ár
||fólk
noun|dat|myndband|noun pp|af
||átak
||handtöka
||sjálfsmorðsárás
||sjálfsmorðsárás
||handtaka
||átak
noun|dat|árás|noun pp|í
||tilkynning
||berlín
||ruslafata
||borg
||útey
||frakkland
||ár
||evrópa
||fjöldi
||brussel
||samtal
||vörubíll
||tengsl
||vörubíll
||fyrri
||mánuður
||parís
||borg
||frétt
||danmörk
||fjölmiðill
||borg
||gær
||nóvember
||gærkvöld
||nice
||belgía
||frakkland
||tvígangur
noun|dat|ganga|active pp|í
||skýrsla
||belgía
||sýrlandi
||sjónvarpsviðtal
||berlín
||sýrlandi
noun|acc|upp|active pp|í
||loft
noun|dat|skríða|active pp|í
||land
||belgía
||bandaríki
||brussel
||schaarbeek-hverfi
||parís
noun|dat|hryðjuverkaárásir|noun pp|á
||em
||flugvöllur
||ár
||disneyland
||ár
||brussel
||árása
noun|dat|særða|active pp|í
||berlín
||sjálfsvígsárás
||bardagi
||sprenginga
||árás
||áhlaup
||árás
||árása
noun|dat|fara|active pp|í
||hverfi
||evrópa
||miðborg
||nafn
||brussel
||frétt
||apríl
||sprengjuárás
||árás
||knattspyrna
subj|nom|tengja|active
||handtöka
||abdeslam
||vígamaður
||ouali
||árás
||saksóknar
noun|dat|vera|active pp|af
||abdeslam
||yfirvald
||árásarmaður
||byssa
||nál
||starfsfólk
||maður
||flugvöllur
||handtaka
||hugleysi
||hatri
||hryðjuverkasamtöka
||þjóðerniskennd
||handtöka
||fólk
||blóð
||vígamaður
||framsali
||þjóðhátíðardegur
||lögregla
||hryðjuverkahópur
||lögregla
||höfuðpaurur
noun|dat|hryðjuverkaárása|noun pp|í
||belgía
||morgunn
||nóvember
||brussel
||vika
||parís
||minningarathöfn
noun|dat|birta|active pp|í
||parís
||belgía
||frakkland
||mál
||ástralía
noun|dat|lögregla|noun pp|á
||flótti
||staður
||tölva
||disneyland
||lestarstöð
||flugvöllur
||hlaup
||viðverustaður
||brusselflugvellur
||heimili
||skrá
||mynd
noun|dat|lögregla|noun pp|í
||nice
||belgía
||yfirlýsing
||münchen
||nice
||berlín
||höfuðborg
||rotterdam
||skipti
||fjölmiðill
||yfirheyrsla
||skotbardögur
||tyrkland
||vika
||brussel
||desember
||vörubíll
||land
||borgarhluti
||holland
||samband
||parís
||gíslinga
||danmörk
||ástralía
||raun
||þýskaland
||aðgerða
||nóvember
||gærkvöld
||mánuður
||belgía
||frakkland
||brussel
noun|dat|fórnarlamb|noun pp|í
||berlín
||þýskaland
||nice
||frakkland
||nice
||brussel
||árás
noun|dat|verða|active pp|í
||belgía
||skýrsla
||neðanjarðarlest
||berlín
||árás
||lag
||gildi
||mál
||brussel
||nótt
||árása
||útey
||borg
||flugstöðvarbygging
noun|dat|særa|active pp|í
||chapell
||átak
||hryðjuverkaárás
||brussel
||árása
noun|acc|gera|active pp|við
||handtökur
||rannsókn
||ransókn
||yfirheyrsla
||athöfn
||beiðni
noun|dat|dagur|noun pp|frá
||vettvangur
||hryðjuverkaárása
||brussel
||bouhlel
noun|dat|falla|active pp|í
||mál
||hryðjuverkaárás
||árás
||árás
noun|dat|fólk|noun pp|í
||nice
||skýrsla
||berlín
||verslunarmiðstöð
||evrópa
||miðborg
||münchen
||tímarit
||brussel
||nótt
||parís
||miðborg
||útey
||dreifing
noun|dat|yfirvald|noun pp|á
||staður
||ár
||flugvöllur
||flótti
||hryðjuverkaárása
||listi
noun|gen|mánuður|noun pp|til
||belgía
||zaventem
||evrópa
||öfgaskoðun
||sýrland
noun|dat|yfirvald|noun pp|í
||brussel
||berlín
||þýskaland
||egyptalandi
||tyrkland
||árása
||bandaríki
||belgía
||belgía
||frakkland
||brussel
||frakkland
||tilkynning
obj|acc|fremja|active
||hryðjuverkaárás
||hryðjuverk
||hryðjuverk
noun|acc|hafa|active pp|í
||gærmorgunn
||sorgardagur
||morgunn
||fótur
||saga
||belgía
||nótt
||garður
||mánuður
||brusselur
||ljós
||kvöld
||eiginkona
||kynni
||dagur
||tilvikjur
||kjölfar
||loft
||vegur
||vika
||bígerð
||morgunn
||kast
||kjölfar
||mánuður
||mánuður
||kjölfar
||dagur
noun|dat|vika|noun pp|á
||zaventem
||bygging
||flugvöllur
||zaventem-flugvellur
noun|dat|vörubíll|noun pp|í
||berlín
||kjallari
||vörubíll
||miðborg
||gærkvöld
||nice
||frétt
||samtal
||miðborg
noun|acc|ár|noun pp|í
||garður
||loft
||ljós
||brussel
||vegur
||kvöld
||dagur
noun|gen|ganga|active pp|til
||lið
noun|gen|ferðast|active pp|til
||ítalía
||tyrkland
||búdapest
||sýrland
||sýrland
||lahore
noun|dat|myrða|active pp|í
||þýskaland
||flutningabíll
||gærkvöld
||nice
||hald
||parís
noun|dat|staður|noun pp|á
||jólamarkaður
||leið
||svæði
||flugeldasýninga
noun|dat|hefja|active pp|í
||byrjun
||sár
||lag
||fótbolti
||dreifing
||gærkvöld
||brussel
||frakkland
||bandaríki
||parís
||borg
noun|dat|abdeslam|noun pp|af
||handtaka
||lögregla
||árásarmaður
||handtöka
||framsali
subj|nom|telja|active
||sérfræðingur
||öryggisstofnun
||yfirvald
||lögregla
||maí
||stofnun
||lögregla
noun|acc|fara|active pp|í
||belgía
||loft
||hverfi
||fangelsi
||moska
||morgunn
||verkfall
noun|acc|segja|active pp|í
||gærmorgunn
||garður
||staður
||slagur
||kvöld
||morgunn
||dagur
noun|gen|fara|active pp|til
||frakkland
||nice
||sýrland
||sýrland
||fyrirtæki
subj|nom|handtaka|active
||lögregla
noun|dat|staður|noun pp|í
||parís
||neðanjarðarlest
||átt
||vél
||vörubíll
||emmerich
||brussel
||charlottenburg-hverfi
||heimahús
||tengsl
||álfa
||borg
||vörubíll
obj|acc|keyra|active
||trukkur
||flutningabíll
||hermaður
||vörubíll
||vegalengd
||hópur
noun|dat|líf|noun pp|á
||zaventem
||zaventem-flugvellur
||ár
||flugvöllur
||flugvöllur
||kaffihús
noun|dat|maður|noun pp|í
||kirkja
||belgía
||flutningabíll
||yfirlýsing
||berlín
||hald
||chapell
||frakkland
||hádegi
||útey
||vika
||eiga
||tengsl
||vika
||bær
||münchen
||dreifing
||aðgerð
||íbúð
||samstarf
||árás
||lest
||bæjaralandi
||mál
||verslunarmiðstöð
||norðvesturhluti
||vörubíll
||land
||sprenging
||jakki
||sýrlandi
||sár
||parís
||greinargerð
||undirbúningur
||borg
||dómur
||tilkynning
||anderlecht
||evrópa
||gær
||nóvember
||nice
||brussel
||frétt
||frakkland
||brussel
||árása
noun|dat|aðild|noun pp|að
||hryðjuverkastarfsemi
||hryðjuverkaárása
||morð
||árás
||mál
||hryðjuverka
||árása
noun|dat|ríki|noun pp|í
||nice
||írak
||ræða
||íbúð
||sýrlandi
||evrópa
||janúar
||sýrlandi
||parís
||dagur
||borg
||frakkland
noun|dat|líf|noun pp|í
||nice
||morgunn
||för
||nóvember
||skotbardögur
||brussel
||hryðjuverkaárás
||sprenginga
||vika
||chapell
||árás
||parís
||árekstur
||árás
||þýskaland
||borg
||árása
noun|dat|maður|noun pp|á
||vettvangur
||vefur
||malbeek-lestarstöða
||hlaup
||föstudagur
||ferð
||þriðjudagur
||myndband
||flugvöllur
||mánudagur
||staður
||blaðamannafundur
||sjúkrahús
||listi
||mynd
||myndbandi
||aldur
||listi
||gjörgæsla
||disneyland
||maelbeek-neðanjarðarlestarstöð
||tempelhof-flugvellur
||vegur
||árása
noun|dat|ár|noun pp|í
||belgía
||röð
||berlín
||tyrlandi
||safn
||fangelsi
||sýrlandi
||írak
||london
||úthverfi
||tyrkland
||hald
||nice
||apríl
||viðtal
||greinargerð
||kaupmannahöfn
||skotland
||sýrlandi
||parís
||febrúar
||þýskaland
||evrópa
||nóvember
||janúar
||sprenginga
||brussel
||frétt
||frakkland
||sprengjuárás
||heimur
noun|dat|íslendingur|noun pp|í
||berlín
||þýskaland
||samtal
||frakkland
||nice
||samband
||brussel
noun|dat|dagur|noun pp|í
||belgía
||yfirlýsing
||hald
||bretland
||hádegi
||bær
||schaarbeek
||münchen
||sár
||mál
||brussel
||frakkland
||brussel
||parís
||höfuðborg
||borg
||hjarta
||mál
||þýskaland
||evrópa
||nice
||nótt
||brussel
||árása
noun|nom|maður|noun pp|í
||jakki
||aðgerð
||gær
noun|nom|árás|noun pp|í
||mánuður
||borg
||ár
||gær
||útvarpspistlur
noun|dat|maður|noun pp|að
||túníski
||nafn
||nafn
||faycall
||kayall
||gæsluvarðhald
||cheffoa
||brussel
||leyti
||hryðjuverka
||abrinur
noun|dat|árás|noun pp|á
||ódæði
||vefur
||bíll
||gildi
||árás
||vörubíll
||grunda
||jólamarkaður
||lestarstöð
||flugvöllur
||disneyland
||hryðjuverk
||mánuður
||morgunn
||mynd
||vegur
||kerti
noun|dat|frakkland|noun pp|í
||belgía
||forsetakosning
||febrúar
||frakkland
||frakkland
||tengsl
||júlí
||fjöldi
||vika
||samstarf
||árás
||mánuður
||land
||brussel
||hryðjuverkaárás
||nágrannalöndur
||parís
||miðborg
||morgunn
||þýskaland
||þjálfun
||nóvember
||janúar
||gærkvöld
||nice
||nótt
||knattspyrna
noun|dat|neyðarástand|noun pp|í
||land
||münchen
||frakkland
noun|acc|sjá|active pp|við
||hlið
||jarðarför
||guardian
||hlið
||knattspyrna
noun|dat|vera|active pp|á
||ár
||vettvangur
||vefur
||svæði
||svæði
||kerti
||gjörgæsla
||þjóðhátíðardegur
||bakgrunnur
||promenade
||líf
||bensínstöð
||myndband
||flugvöllur
||hlaup
||reik
||vegur
||ferill
||twitter
||vettvangur
||viðbúnaðarstigi
||ferð
||bataclan
||listi
||bygging
||síða
||sönnunargagn
||vefur
||háttur
||charleroi-flugvellur
||flugvöllur
||breiðgata
||íbúð
||vettvangur
||vörubíll
||em
||miðlur
||hópur
||klukkustund
||næsta
||hlunnur
||heimili
||blaðamannafundur
||völlur
||ár
||skrá
||list
||vesturland
||abballi
||flugeldasýninga
||neðanjarðarlestarstöð
||leið
||list
||vegur
||jörð
||kebabstaður
||mynd
||fimmtudagur
||vakt
||flótti
||númeri
||aðalgata
||myndbandi
||brussel
||vegur
||gjörgæsla
||heimili
||listi
||al-bayan
||mánudagur
||árás
||aldur
||bíll
||fundur
||flugvöllur
||vettvangur
||ár
||vegur
||varðberg
noun|dat|hafa|active pp|í
||belgía
||sjálfsmorðsárás
||sýrlandi
||parís
||janúar
||hald
||byrjun
||neðanjarðarlest
||tyrkland
||nafn
||viðtal
||átak
||þýskaland
||belgía
||flutningabíll
||mál
||hyggja
||yfirheyrsla
||danmörk
||hjarta
||raun
||evrópa
||myndbandi
||nóvember
||nice
||flugskýli
||evrópa
||ástralía
||tilkynning
||berlín
||árás
||för
||frí
||norðurrín-vestfalía
||vika
||hverfi
||þýskaland
||dómur
||knattspyrna
||hugi
||evrópa
||samtal
||felur
||byrjun
||átt
||brussel
||samband
||frétt
||frakkland
||hryðjuverka
||júlí
||sýrlandi
||mánuður
||berlín
||tengsl
||sýrlandi
||egyptalandi
||borg
||bíll
||hryðjuverkaárás
||vetfang
||ljós
||febrúar
||anderlecht
||neðanjarðarlestargöng
||þjálfun
||árás
||brussel
||yfirlýsing
||bæjaralandi
||nótt
||vika
||hald
||eiga
||tölva
||vörubíll
||land
||borgarhluti
||greinargerð
||kaupmannahöfn
||parís
||miðborg
||undirbúningur
||borg
||kjölfar
||samskipti
||mánuður
||tilkynning
||árása
noun|dat|taka|active pp|í
||neðanjarðarlest
||lífshætta
||myndband
||bær
||tímarit
||brussel
||belgía
||parís
||þýskaland
||dómur
||árása
noun|dat|ábyrgð|noun pp|í
||belgía
||berlín
||útvarpspistlur
||gær
||nice
||hugi
||frakkland
||brussel
noun|acc|maður|noun pp|í
||aðgerð
||fótur
||kast
||dagur
||evrópa
||ljós
||kjölfar
||gíslinga
||loft
||stríðsverslun
||azaz
||jakki
||gærmorgunn
||húsleit
||kjölfar
||morgunn
||kvöld
||tvígangur
||morgunn
||lest
||dagur
noun|dat|dagur|noun pp|að
||dagur
||mohamed
||bouhlell
||túngata
||abdeslam
noun|dat|isis|noun pp|í
||tengsl
||sýrlandi
||írak
||yfirlýsing
||sýrlandi
||nafn
||sýrlandi
||raun
noun|dat|láta|active pp|á
||svæði
||zaventem-flugvellur
||malbeek-lestarstöða
||jólamarkaður
||flugvöllur
||maelbeek-neðanjarðarlestarstöð
||spítali
||hópur
||hryðjuverka
||kerti
noun|dat|ábyrgð|noun pp|á
||hryðjuverkaárás
||árás
||hryðjuverkaárása
||árása
||hryðjuverka
||ódæði
noun|dat|sjá|active pp|á
||ódæði
||myndband
||miðlur
||ítalía
||myndbandi
||blaðamannafundur
||flugvöllur
||flótti
||árás
||zaventem-flugvelli
||öryggismyndavél
||ferð
noun|dat|ákæra|active pp|í
||tengsl
||belgía
noun|dat|lenda|active pp|í
||nice
||fangelsi
||árás
noun|dat|lögregluyfirvald|noun pp|í
||belgía
||berlín
||evrópa
||nice
||samband
||brussel
noun|dat|sjá|active pp|í
||nice
||belgía
||brottfararsalur
||árás
||gíslinga
||samtal
||frakkland
||öryggismyndvéla
||fangelsi
||brussel
||tengsl
||raun
||dreifing
||fylgd
noun|acc|vera|active pp|um
||ódæði
||árás
||slys
||árás
||mánuður
||belgía
||níuleyti
||hríð
||öfgaskoðun
||hryðjuverkaárás
||of
||mánuður
||árás
||aðild
||mánuður
||hryðjuverk
||óhapp
||klukkutími
||milljón
||sjálfsmorðssprengjuárás
noun|dat|sprenging|noun pp|í
||brussel
||flugstöð
subj|nom|sjá|active
||abdeslam
||myndband
||frétt
||íslendingur
||árásarmaður
||sjónarvottur
||dramatískt
||umfjöllun
||fólk
||morris
||sendiherra
||ragnar
||maður
||sonboly
||faycal
||maður
||utanríkisráðherra
||isis
||sprenging
||utanríkisráðuneyti
||lacapitale.be
||umfjöllun
||stúlka
||zequiri
||fyrirbæri
noun|dat|koma|active pp|á
||svæði
||vefur
||blaðamannafundur
||ár
||hlaup
||lestarstöð
||flugvöllur
||breiðgata
||samfélagsmiðlur
||leið
||blaðamannfundur
noun|acc|hafa|active pp|um
||hryðjuverk
||helgi
||árásir
||klukkustund
||mánuður
||dagur
||hæli
||skilnaður
||hryðjuverkaárás
||nótt
||mánuður
||evrópumeistaramóti
||aðild
||salah
||borð
||þáttöka
||slys
||heimsálfa
||milljón
||ódæði
noun|dat|áhlaup|noun pp|í
||gangur
||berlín
||fyrrinótt
||schaarbeek-hverfi
||íbúð
||brussel
noun|acc|tengsl|noun pp|við
||aballi
||handtökur
||rannsókn
||voðaverk
||árásir
||hryðjuverkastarfsemi
||hryðjuverkahópur
||hryðjuverkaárás
||hryðjuverkasamtök
||isis
||hryðjuverk
||árás
||hryðjuverkaárásir
||knattspyrna
noun|acc|árásir|noun pp|í
||kjölfar
||mánuður
||brussel
||vegur
||vika
||dagur
noun|dat|segja|active pp|af
||hlutverk
||hugleysi
||fólk
||lestarstöð
||blóð
noun|dat|halda|active pp|í
||skýrsla
||belgía
||evrópa
||norðurrín-vestfalía
||nice
||berlín
||brussels
||frakkland
||parís
||morgunn
noun|gen|lögregla|noun pp|til
||belgía
||skotbardagi
||sýrland
||skör
||frakkland
||bani
noun|dat|flýja|active pp|í
||belgía
||átt
||gíslinga
||brussel
||parís
||byrjun
||árása
noun|dat|sinn|active pp|í
||heimaland
||sæti
||brussel
||frétt
||byrjun
||aðgerð
obj|dat|tengja|active
||hryðjuverkasamtök
||mars
||sjálfsmorðssprengjumaður
||evrópumeistaramóti
||hryðjuverkasamtöka
||sjálfsvígsárása
||skipulagning
||hryðjuverkaárása
||hryðjuverkaárás
||hryðjuverka
||árása
noun|gen|ár|noun pp|til
||ítalía
||þýskaland
||land
||lið
||mars
||sýrland
noun|dat|ódæði|noun pp|í
||nice
||raun
subj|nom|leita|active
||hermaður
||yfirvald
||árás
||lögregla
||maður
noun|dat|hryðjuverkaárás|noun pp|í
||tengsl
||berlín
||gæsluvarðhald
||brussel
||frakkland
||parís
||mánuður
||hryðjuverkasamtök
subj|nom|aka|active
||trukkur
||flutningabíll
||maður
||árásarmaður
||vörubíll
||sendiherra
noun|dat|vera|active pp|frá
||belgía
||ráðuneyti
||hryðjuverkaárása
||austurríki
||daish
||afganistan
||talsmaður
||flugvöllur
||árása
||edinborg
||egyptalandi
||brussel
||guðjón
||salah
||embætti
||stjórnandi
||lögregla
||borg
||utanríkisráðuneyti
noun|dat|lýsa|active pp|á
||ódæði
||vefur
||hryðjuverka
||árás
||blaðamannafundur
noun|dat|abdeslam|noun pp|í
||brussel
||belgía
||íbúð
||brussel
||gær
||brussel
||brussel
||frakkland
||parís
||áhlaup
||árása
noun|dat|koma|active pp|að
||hlutverk
||handtöka
||abdeslam
||sögn
||skipulagning
||hlutverk
||lausn
||múslimur
||árása
noun|dat|lýsa|active pp|í
||belgía
||útvarpspistlur
||þýskaland
||nice
||hugi
||frakkland
noun|dat|eiga|active pp|í
||belgía
||tengsl
||vél
||samtal
||júlí
||samskipti
||fangelsi
||brussel
noun|dat|abdeslam|noun pp|á
||flótti
||blaðamannafundur
||síða
||hlaup
||bensínstöð
||íbúð
||vefur
||kaffihús
noun|dat|keyra|active pp|í
||samtal
||miðborg
||tímarit
||nice
||borg
||árása
noun|acc|árás|noun pp|í
||nice
||gærmorgunn
||útvarpspistlur
||fyrradagur
||borg
||bígerð
||ár
||vegur
||mánuður
||kvöld
||brusselur
||morgunn
||dagur
noun|acc|lögregla|noun pp|á
||vettvangur
||flótti
||flugvöllur
||spor
||háls
||viðverustaður
||mynd
||fimmtudagur
noun|acc|árás|noun pp|á
||ferðamannastaður
||hönd
||mánudagskvöld
||spor
||grunda
||flugvöllur
||flugvöllur
||jólamarkaður
||fimmtudagskvöld
||mánuður
||strandhótel
||zaventem-flugvöllur
||fimmtudagur
noun|acc|lögregla|noun pp|í
||gærmorgunn
||kjölfar
||dagur
||fótur
||morgunn
||mánuður
||ljós
||kjölfar
||gíslinga
noun|dat|koma|active pp|frá
||embætti
||ítalía
||isis
||hryðjuverkaárása
||lögregluyfirvald
||stjórnandi
||borg
||aba
||bouhlel
noun|acc|maður|noun pp|við
||lag
||hlið
||hryðjuverkaárás
||árásir
||skipulagning
||hryðjuverk
||háskóli
||hryðjuverkaárásir
||hlið
noun|dat|láta|active pp|í
||nice
||berlín
||árás
||bandaríki
||farþegasæti
||hryðjuverkaárása
||árás
||land
||tengsl
||árás
||sumarleyfi
||vika
||bíll
||lest
||berlín
||árás
||hryðjuverkaárás
||parís
||sprenging
||borg
||neðanjarðarlestargöng
||nóvember
||chapell
||árása
noun|dat|þáttur|noun pp|í
||sjálfsvígsárása
||árás
||maraþoni
||emmerich
||starfsemi
||innrási
||brussel
||minningarathöfn
||dómur
||árása
noun|acc|vera|active pp|við
||innritunarborð
||róslínn
||lag
||íslendingur
||hryðjuverkasamtök
||tungumálanám
||guardian
||hryðjuverk
||lögregla
||íslendingur
||athöfn
||árás
||bbc
||knattspyrna
||árásir
||bouhlelur
||fréttastofa
||bílaleiga
||fréttastofa
||hryðjuverkahópur
||yfirheyrsla
||lögregluyfirvald
||skrifstofa
||aballi
||hlið
||íslamski
||jakki
noun|dat|segja|active pp|að
||upphaf
||mál
||lausn
||rannsókn
||múslimur
noun|dat|standa|active pp|í
||farþegasæti
||belgía
||fótbolti
||münchen
||frakkland
||gærkvöld
||nice
||nótt
||bandaríki
||parís
||brussel
||borg
||knattspyrna
noun|dat|bera|active pp|í
||belgía
||þýskaland
||samtal
||brussel
||júní
||árása
noun|acc|flugvöllur|noun pp|í
||dagur
||verkfall
||gagn
||loft
||mánuður
||dagur
||brussel
||flugstöð
||ljós
||vika
||kvöld
||morgunn
||dagur
noun|dat|mánuður|noun pp|í
||belgía
||viðbót
||charlerour
||land
||júlí
||nice
||frakkland
||parís
||tengsl
||árása
noun|dat|leita|active pp|að
||maður
||najim
||hann
noun|gen|koma|active pp|til
||skotbardagi
||zaventem
||þýskaland
||land
||landamærabær
||vinna
||borg
||bak
noun|dat|taka|active pp|frá
||staður
||írak
||maelbeek
||sýrlandi
||salah
||árása
noun|dat|mánuður|noun pp|að
||abdeslam
||hryðjuverkastarfsemi
||lögregla
||árása
noun|dat|saksóknari|noun pp|í
||belgía
||land
||brussel
||nice
||frétt
||frakkland
||parís
||tilkynning
noun|dat|ráða|active pp|í
||land
||íbúahverfi
||fyrradagur
||bær
||shaerbeek
||janúar
||brussel
||frakkland
noun|acc|ganga|active pp|við
||vígahópur
||öfgamaður
||ransókn
||isis
||íslamski
||hryðjuverkasamtöki
||knattspyrna
noun|dat|vera|active pp|í
||belgía
||nágrenni
||úthverfi
||sýrlandi
||janúar
||hald
||himnalag
||gíslinga
||sjokkur
||tyrkland
||fangelsi
||samstarf
||hann
||desember
||belgía
||mál
||mál
||yfirheyrsla
||árás
||hjarta
||raun
||þýskaland
||evrópa
||egyptalandi
||nóvember
||nice
||dagur
||ruslatunna
||berlín
||för
||flutningabíll
||brussel
||grennd
||mars
||frí
||árás
||skór
||miðborg
||skilaboð
||vika
||hverfi
||dómur
||nágrannaland
||knattspyrna
||evrópa
||samtal
||felur
||jakki
||tengsl
||belgía
||gærkvöld
||samband
||anderlecht
||fjölmiðill
||ástand
||samband
||frétt
||frakkland
||hryðjuverka
||mánuður
||sjokkur
||þauli
||lífshætta
||bær
||júlí
||brussel
||sjónvarpsviðtal
||bíll
||parís
||mánuður
||sinn
||miðborg
||brussel
||brussel
||tvísýnur
||pakistan
||skjalasafn
||bígerð
||viðtal
||þjálfun
||vesturhluti
||árás
||nótt
||brussel
||yfirlýsing
||útey
||bretland
||nótt
||vika
||hald
||berlín
||eiga
||írak
||gildi
||mánuður
||münchen
||hópur
||charlottenburg
||íbúð
||tilefni
||tölva
||rannsókn
||maraþoni
||vörubíll
||land
||borgarhluti
||greinargerð
||aðgerða
||parís
||gangur
||hald
||borg
||gær
||samskipti
||sprenginga
||mánuður
||brussel
||tilkynning
||árása
noun|acc|segja|active pp|við
||fjölmiðill
||fréttastofa
||bbc
||ransókn
||hryðjuverkasamtök
||wall
||mcdonalds-staður
||yfirheyrsla
||lögregla
noun|dat|handtaka|active pp|í
||belgía
||danmörk
||þýskaland
||evrópa
||nice
||nótt
||frakkland
||brussel
obj|acc|hvetja|active
||íslendingur
||fólk
||íslendingur
||stuðningsmaður
noun|dat|finna|active pp|í
||bataclan
||belgía
||danmörk
||fartölva
||kjarnorkuveri
||vörubíll
||kaupmannahöfn
||íbúð
||parís
||bíll
||bíll
||brussel
||tölva
noun|nom|vera|active pp|í
||sinn
||nágrenni
||ástand
||mánuður
||gær
||nótt
||jakki
||mánuður
||mánuður
||vika
||gangur
||samband
||mánuður
obj|acc|gera|active
||áhlaup
||árásir
||árás
||árás
||chemla
||árás
||atlöga
||húsleit
||það
||sprengja
noun|dat|hafa|active pp|að
||skilaboð
||upphaf
||flugrit
||abdeslam
||flutningabíll
||skipulagning
||heimili
||starfsfólk
||bifreið
||starf
||sögn
||mohamed
||bouhell
||najim
||hluti
||laachraouur
||sök
||nafn
||túníski
||túngata
||neðanjarðarlestarstöð
||lögregla
||bouhlell
||isis
||látinn
||verk
||najim
||árása
noun|dat|bera|active pp|á
||ár
||flugvöllur
||árás
||flugvöllur
noun|dat|hryðjuverk|noun pp|á
||þriðjudagur
||flugvöllur
||ár
||heimili
||skrá
||tímapunktur
||listi
||ár
noun|dat|finna|active pp|á
||vettvangur
||zaventem
||snjallsími
||heimili
||flugvöllur
||öryggisnet
||svæði
||list
||heimili
||sprengjubúnaður
||sprengjuvesti
||tölva
noun|acc|fólk|noun pp|í
||kvöld
||kjölfar
||gíslinga
||loft
||dagur
noun|dat|júlí|noun pp|í
||sýrlandi
||land
||nice
||hald
||tilefni
||miðborg
||frakkland
noun|dat|borg|noun pp|í
||münchen
||matarverslun
||borg
||árás
||nice
||bandaríki
||íbúahverfi
||sýrlandi
||mánuður
||gær
||shaerbeek
||charlottenburg
||íbúð
||brussel
||vika
||kvikmyndahús
||suðurhluta-frakkland
||parís
||árás
noun|acc|koma|active pp|fyrir
||árás
||árásir
||árás
||hryðjuverkaárás
||árás
||rysking
||árásir
||manntjón
||dómur
||afbrot
||ódæði
noun|dat|koma|active pp|í
||berlín
||yfirlýsing
||belgía
||febrúar
||hald
||himnalag
||brussel
||áhlaup
||dómur
||bæjaralandi
||mál
||samtal
||land
||mál
||greinargerð
||parís
||miðborg
||borg
||raun
||nice
||belgía
||mál
||tilkynning
||hryðjuverka
||dagur
noun|dat|segja|active pp|í
||íslömski
||belgía
||yfirlýsing
||berlín
||hryðjuverkaárása
||grein
||frakkland
||eiga
||tyrkland
||samband
||sjónvarpsviðtal
||viðtal
||yfirlýsing
||skýrsla
||samtal
||nótt
||parís
||borg
||tilkynning
||þýskaland
||evrópa
||nóvember
||janúar
||nice
||frétt
||frakkland
||brussel
||árása
noun|dat|grunur|noun pp|í
||nice
||birmingham
||janúar
||hald
||fjölmiðill
noun|acc|vera|active pp|í
||belgía
||nágrenni
||saga
||staður
||nótt
||ljós
||loft
||mánuður
||fangelsi
||ljós
||kvöld
||morgunn
||kjölfar
||mánuður
||kynni
||sinn
||kjölfar
||jakki
||vika
||gangur
||stríðsverslun
||samband
||bígerð
||gagn
||ástand
||kast
||mánuður
||sumar
||mánuður
||kjölfar
||brusselur
||dagur
noun|acc|ræða|active pp|um
||vopn
||hryðjuverkaárás
||óhapp
||hryðjuverk
||sjálfsmorðssprengjuárás
||árás
noun|acc|hafa|active pp|við
||hryðjuverkaárás
||lag
||vitni
||hryðjuverkasamtök
||mcdonalds-staður
||lögregluyfirvald
||flugbraut
||innritunarborð
||rannsókn
||íslamski
||vörubílstjóri
||beiðni
||knattspyrna
||jarðarför
||bouhlelur
||fréttastofa
||bbc
||predikari
||fréttastofa
||isis
||yfirheyrsla
||maelbeek
||hætta
||lögregla
||vígamaður
||handtökur
||aballi
||stade
noun|acc|koma|active pp|við
||handtökur
||lag
||fjölmiðill
||hryðjuverkahópur
||lögregla
||vígamaður
noun|gen|vera|active pp|til
||júlí
||belgía
||árása
||aðstoð
||hryðjuverkaárása
||almenningur
||sýrland
||bani
||skör
||þessi
||sýrland
||kynni
||rannsókn
||holland
||fyrirtæki
||parís
||umræða
||fjölmiðill
||brussel
||frakkland
||bak
||lahore
noun|dat|leita|active pp|í
||jakki
||tengsl
||berlín
||parís
||brussel
||frakkland
||frakkland
noun|dat|land|noun pp|í
||gangur
||febrúar
||tyrkland
||sýrlandi
||gildi
||mánuður
||nóvember
||brussel
||frétt
||frakkland
||morgunn
||tilkynning
noun|dat|öryggisgæsla|noun pp|í
||mars
||land
||knattspyrna
||evrópa
noun|dat|sprengja|noun pp|í
||miðjuvagn
||áhlaup
||brussel
||lesta
||parís
||álfa
noun|dat|vera|active pp|að
||sögn
||abdeslam
||flutningabíll
||heimili
||salah
||hryðjuverkaárása
||starf
||sögn
||rannsókn
||maður
||hlutverk
||skilaboð
||cheffoa
||hluti
||laachraouur
||rannsókn
||leyti
||nafn
||mat
||bouzid
||isis
||leika
||abrinur
||mohamed
||mohamed
||nálgast
||gæsluvarðhald
||veri
||brussel
||kayall
||mál
||verk
||árása
||hryðjuverka
||bifreið
noun|dat|sprengja|noun pp|á
||vettvangur
||hann
||bygging
||flugvöllur
||íbúð
||alþjóðaflugvöllur
||staður
subj|nom|keyra|active
||trukkur
||flutningabíll
||maður
||vörubíll
||bílstjóri
||lahouaiej-bouhlel
||maður
noun|dat|fara|active pp|á
||vettvangur
||blaðamannafundur
||zaventem-flugvellur
||myndbandi
||flugvöllur
||vegur
||breitscheidplatz-torgi
||hryðjuverka
noun|acc|hafa|active pp|á
||vettvangur
||þriðjudagur
||flugvöllur
||hönd
||fimmtudagskvöld
||spor
||frelsi
||háttur
||poki
||ráð
||ár
||óvar
||ár
||vegur
||föstudagur
||árás
||zaventem-flugvöllur
||flug
||flótti
||fimmtudagur
noun|dat|árásarmaður|noun pp|á
||vesturland
||zaventem
||zaventem-flugvellur
||blaðamannafundur
||flugvöllur
||listi
noun|dat|árásarmaður|noun pp|í
||belgía
||berlín
||raun
||þýskaland
||vörubíll
||flutningabíll
||íbúð
||lífshætta
||münchen
||parís
||flugskýli
||saga
||árás
||sprengjuárás
||belgía
||parís
||brussel
||tölva
||ástralía
noun|dat|sendiherra|noun pp|í
||frakkland
||þýskaland
noun|dat|voðaverk|noun pp|í
||nafn
||nice
||farþegasæti
||parís
||nafn
noun|dat|árásir|noun pp|í
||nice
||gærmorgunn
||raun
||holland
||evrópa
||land
||heimaland
||mars
||nafn
||tengsl
||frakkland
||vika
||parís
||brussel
noun|acc|ábyrgð|noun pp|á
||árása
||jólamarkaður
||hönd
noun|dat|lögregla|noun pp|að
||sögn
||sögn
||abdeslam
||maður
||ending
||mál
||verk
||hryðjuverka
||bouhlell
noun|dat|segja|active pp|á
||zaventem
||blaðamannafundur
||bakgrunnur
||myndband
||heimili
||flugeldasýninga
||heimili
||svæði
||sjúkrahús
||vefur
||twitter-síða
||frakkland
||fundur
||gjörgæsla
||ferð
noun|dat|aðild|noun pp|í
||belgía
||fangelsi
||berlín
||árás
||brussel
||nice
||parís
||brussel
noun|dat|árásir|noun pp|á
||heimili
||zaventem-flugvellur
||flugvöllur
||al-bayan
||bensínstöð
||tölva
||árása
noun|dat|hryðjuverk|noun pp|í
||ríki
||stríð
||bretland
||berlín
||árás
||evrópa
||föstumánuður
||þýskaland
||egyptalandi
||barátta
||parís
||hyggja
||brussel
||tilkynning
||framtíð
||frakkland
||bandaríki
||parís
||tengsl
||borg
||hald
noun|dat|klukka|noun pp|í
||eiga
||belgía
||berlín
||gærkvöld
||nice
||gærdagur
||brussel
subj|nom|sprunga|active
||sprengja
||sprengja
noun|acc|yfirvald|noun pp|í
||belgía
||kast
||ljós
||hönd
||dagur
||ljós
||morgunn
||dagur
subj|nom|verða|active
||ouali
||árás
||flug
||klukka
||maður
||áfram
||abdeslam
||evrópumeistaramóti
||róttækur
||esb
||skemmd
||árás
||zaventem-flugvöllur
||maður
||sprenging
||frakki
||sprenging
||fjöldi
||fólk
||tafir
noun|dat|húsleit|noun pp|í
||hús
||flugskýli
||emmerich
||nice
||frakkland
||nágrenni
noun|acc|árása|noun pp|á
||þriðjudagur
||flugvöllur
||spor
||frelsi
||zaventem-flugvöllur
||fólk
noun|dat|fjöldi|noun pp|í
||miðborg
||árás
||nafn
||nice
||frakkland
||parís
||brussel
||borg
noun|acc|lögregla|noun pp|við
||handtökur
||aballi
||árásir
||rannsókn
||hryðjuverkasamtök
||yfirheyrsla
subj|nom|hvetja|active
||vígamaður
||europol
||al-qaeda
||utanríkisráðuneyti
noun|acc|árása|noun pp|í
||evrópa
||mánuður
||nóvember
||vika
||slagur
||morgunn
||dagur
noun|dat|sprengda|active pp|í
||parís
||brussel
||frakkland
||sýrlandi
noun|dat|leggja|active pp|í
||parís
||vörubíll
||frakkland
||danmörk
||parís
SEMLEX
gerendur:
	hryðjuverkamaður|hryðjuverkamaður
	árásarmaður|árásarmaður
	sprengjumaður|sprengjumaður
	hnífamaður|hnífamaður
staðsetning:
	parís|parís
	brussel|brussel
	belgía|belgía
	frakkland|frakkland
	þýskaland|þýskaland
	yfirheyrsla|yfirheyrsla
	borg|borg
	parís lögregla|parís
	nóvember|nóvember
	sjónvarpsviðtal|sjónvarpsviðtal
	gærkvöld|gærkvöld
	nice|nice
	nice og fjölskylda|nice
	parís og brussel|parís
	nota bíll|bíll
	minningarathöfn|minningarathöfn
	síðari vika|vika
	morgunn|morgunn
	nágrannaland belgía|nágrannaland
	árás þrír|árás
	sprenginga|sprenginga
	lest|lest
	mál saksóknari|mál
	evrópa|evrópa
	árás|árás
	sprengjuárás|sprengjuárás
	mars|mars
	tengsl|tengsl
	gærmorgunn|gærmorgunn
	nafn samtök|nafn
	raun|raun
	heimaland|heimaland
	land|land
	holland|holland
	belgía og frakkland|belgía
	tvígangur|tvígangur
	fjölmiðill|fjölmiðill
	vera tilkynning|tilkynning
	berlín|berlín
	vörubíll|vörubíll
	nota vörubíll|vörubíll
	nota frétt svt|frétt
	samtal|samtal
	heill ár|ár
	nokkur mánuður|mánuður
	frakkland hryðjuverk|frakkland
	borg nice|borg
	fjöldi árása|fjöldi
	gær|gær
	tveir borg|borg
	útey|útey
	fyrri|fyrri
	ruslafata|ruslafata
	danmörk|danmörk
	hryðjuverka|hryðjuverka
	fangelsi|fangelsi
	samstarf|samstarf
	hald|hald
	skór|skór
	tilkynning|tilkynning
	bígerð|bígerð
	brussel og parís|brussel
	vika|vika
	framkvæma vika|vika
	hverfi|hverfi
	mál ráðamaður|mál
	þauli|þauli
	janúar|janúar
	belgía birta|belgía
	fyrstur sinn|sinn
	maraþoni|maraþoni
	anderlecht|anderlecht
	yfirlýsing|yfirlýsing
	nærri nágrenni|nágrenni
	felur|felur
	íbúð|íbúð
	hvítur jakki|jakki
	hjarta það|hjarta
	árása|árása
	dagur|dagur
	grennd|grennd
	för|för
	hald lögregla|hald
	hald yfirvald|hald
	flúa parís|parís
	árás það|árás
	síðari mánuður|mánuður
	eiga|eiga
	charlottenburg|charlottenburg
	hvetja berlín|berlín
	beinn samband|samband
	sjokkur martin|sjokkur
	samband|samband
	sjokkur|sjokkur
	flutningabíll|flutningabíll
	hópur|hópur
	írak|írak
	lífshætta|lífshætta
	sýrlandi|sýrlandi
	viðtal|viðtal
	hann|hann
	münchen|münchen
	borgarhluti moosach|borgarhluti
	samskipti|samskipti
	nótt|nótt
	fullur gangur|gangur
	sex mánuður|mánuður
	júlí|júlí
	bær saint-laurent-du-vur|bær
	vesturhluti|vesturhluti
	bíll|bíll
	miðborg|miðborg
	frí|frí
	himnalag|himnalag
	miðborg nice|miðborg
	alvarlegur ástand|ástand
	rannsókn|rannsókn
	árás anderur breivik|árás
	allur nótt|nótt
	tilefni|tilefni
	mánuður|mánuður
	frétt svt|frétt
	dómur|dómur
	evrópa en eðli það|evrópa
	gildi|gildi
	úthverfi parís|úthverfi
	pakistan|pakistan
	þjálfun|þjálfun
	greinargerð vísitala|greinargerð
	desember|desember
	skilaboð|skilaboð
	knattspyrna|knattspyrna
	egyptalandi|egyptalandi
	brussel nokkur|brussel
	gíslinga isi|gíslinga
	skjalasafn isi|skjalasafn
	aðgerða|aðgerða
	yfirheyra bretland|bretland
	fimm mánuður|mánuður
	tyrkland|tyrkland
	vöra belgía|belgía
	brussel salah|brussel
	tvísýnur|tvísýnur
	fremja brussel|brussel
	ruslatunna|ruslatunna
	tölva|tölva
	telja brussel|brussel
	kjölfar|kjölfar
	sýrlandi eða írak|sýrlandi
	hafa árás|árás
	neðanjarðarlestargöng|neðanjarðarlestargöng
	neðanjarðarlest|neðanjarðarlest
	vita brussel|brussel
	borg abdeslam|borg
	undirbúningur og framkvæmd árása|undirbúningur
	átak|átak
	norðurrín-vestfalía og berlín|norðurrín-vestfalía
	byrjun|byrjun
	telja flutningabíll|flutningabíll
	bæjaralandi|bæjaralandi
	flugskýli|flugskýli
	febrúar|febrúar
	segja berlín|berlín
	ljós það|ljós
	skjóta þýskaland|þýskaland
	átt|átt
	einn vetfang|vetfang
	hugi|hugi
	hryðjuverkaárás|hryðjuverkaárás
	ástralía|ástralía
	sýrlandi og írak|sýrlandi
	kaupmannahöfn|kaupmannahöfn
	hyggja|hyggja
	myndbandi|myndbandi
	byrjun ár|byrjun
	sjálfsmorðsárás|sjálfsmorðsárás
	telja evrópa|evrópa
	rotterdam|rotterdam
	höfuðborg|höfuðborg
	veita yfirheyrsla|yfirheyrsla
	skotbardögur|skotbardögur
	skipti|skipti
	gíslinga|gíslinga
	nice sjö|nice
	særða fjölmiðill|fjölmiðill
	frakkland og belgía|frakkland
	norðvesturhluti þýskaland|norðvesturhluti
	hádegi|hádegi
	bær saint|bær
	kirkja|kirkja
	verslunarmiðstöð|verslunarmiðstöð
	dreifing|dreifing
	sprenging|sprenging
	chapell hill|chapell
	umfangsmikill aðgerð|aðgerð
	sár|sár
	hryðjuverkaárása|hryðjuverkaárása
	skýrsla|skýrsla
	yfirlýsing isi|yfirlýsing
	íslömski|íslömski
	grein|grein
	fjórir mánuður|mánuður
	koma land|land
	farþegasæti|farþegasæti
	vera sumarleyfi|sumarleyfi
	hvetja bandaríki og evrópa|bandaríki
	árás hryðjuverkamaður|árás
	mál|mál
	áhlaup|áhlaup
	raun og vera|raun
	gera belgía|belgía
	saga|saga
	nágrannalöndur|nágrannalöndur
	forsetakosning|forsetakosning
	schaarbeek|schaarbeek
	segja hald lögregla|hald
	mál breivik|mál
	ræða sár|sár
	brussel upptaka|brussel
	árekstur|árekstur
	fjölmargur árás|árás
	tyrlandi|tyrlandi
	london|london
	skotland|skotland
	apríl|apríl
	segja hald|hald
	röð|röð
	heimur|heimur
	safn gyðingur|safn
	ljós|ljós
	koma ljós|ljós
	gagn|gagn
	kjölfar það|kjölfar
	kjölfar árása|kjölfar
	kvöld|kvöld
	kynni|kynni
	saga hann|saga
	kast|kast
	kjölfar hryðjuverk|kjölfar
	loft|loft
	stríðsverslun og vopnaþjálfun|stríðsverslun
	staður það|staður
	sumar|sumar
	tjá segja brusselur|brusselur
	margur tilvikjur|tilvikjur
	kjölfar áhlaup|kjölfar
	segja morgunn|morgunn
	greina dagur|dagur
	garður útlendingur|garður
	eiginkona|eiginkona
	fótur|fótur
	vegur|vegur
	sorgardagur|sorgardagur
	segja brusselur|brusselur
	húsleit|húsleit
	ráða dagur|dagur
	azaz|azaz
	frétt sky|frétt
	síðari vika en hann|vika
	verkfall|verkfall
	flugstöð|flugstöð
	dagur birta|dagur
	verslunarmiðstöð olympia-einkaufszentra|verslunarmiðstöð
	al-qaeda tímarit|tímarit
	kjarnorkuveri|kjarnorkuveri
	bataclan|bataclan
	bíll árásarmaður|bíll
	fartölva|fartölva
	rannsókn lögregluyfirvald|rannsókn
	gruna parís|parís
	náinn framtíð|framtíð
	stríð|stríð
	barátta|barátta
	ríki heimur|ríki
	föstumánuður múslimur|föstumánuður
	bandaríki og evrópa|bandaríki
	bretland|bretland
	annar hverfi|hverfi
	nærri mánuður|mánuður
	gæsluvarðhald|gæsluvarðhald
	hryðjuverkasamtök 
	gangur|gangur
	fótbolti|fótbolti
	telja belgía|belgía
	kjölfar rannsókn|kjölfar
	handtaka dagur|dagur
	handsama kjölfar það|kjölfar
	myndband|myndband
	íbúahverfi|íbúahverfi
	shaerbeek|shaerbeek
	suðurhluta-frakkland|suðurhluta-frakkland
	koma fjölga borg|borg
	segja vika|vika
	kvikmyndahús|kvikmyndahús
	matarverslun gyðingur|matarverslun
	flugstöðvarbygging|flugstöðvarbygging
	fyrstur lag|lag
	daglegur útvarpspistlur|útvarpspistlur
	fyrradagur|fyrradagur
	charlottenburg-hverfi|charlottenburg-hverfi
	charlerour|charlerour
	framlenga júlí|júlí
	viðbót|viðbót
	ódæði|ódæði
	ræða|ræða
	sjálfsvígsárás|sjálfsvígsárás
	bardagi|bardagi
	fylgd|fylgd
	brottfararsalur zaventem-flugvallarins|brottfararsalur
	öryggismyndvéla|öryggismyndvéla
	kjallari norðurturnur|kjallari
	árás hryðjuverkasamtök og einstaklingur|árás
	starfsemi hryðjuverkahópur og hryðjuverkaárás|starfsemi
	innrási|innrási
	emmerich|emmerich
	sjálfsvígsárása|sjálfsvígsárása
	vél flugfélag|vél
	álfa|álfa
	láta úrskurða vörubíll|vörubíll
	heimahús 
	bíða nice|nice
	sagða brussels|brussels
	hryðjuverkaárás isi|hryðjuverkaárás
	sjálfsmorðssprengjumaður|sjálfsmorðssprengjumaður
	hryðjuverkasamtök|hryðjuverkasamtök
	maður og skipulagning árásari|skipulagning
	hryðjuverkasamtöka isi|hryðjuverkasamtöka
	evrópumeistaramóti|evrópumeistaramóti
	sá 22. mars|mars
	slagur|slagur
	garður hryðjuverki|garður
	nafn|nafn
	nafn islam|nafn
	morð|morð
	hryðjuverkastarfsemi|hryðjuverkastarfsemi
	júní|júní
	hönd|hönd
	moska|moska
	trukkur|trukkur
	hópur fólk|hópur
	hermaður|hermaður
	langur vegalengd|vegalengd
	kvöld ræða|kvöld
	nærri vika|vika
	gærdagur|gærdagur
	nágrenni|nágrenni
	rangur hús|hús
	hús|hús
	fjórir lesta|lesta
	miðjuvagn|miðjuvagn
	skör|skör
	fyrirtæki|fyrirtæki
	bak|bak
	almenningur|almenningur
	bani|bani
	aðstoð|aðstoð
	umræða|umræða
	lahore|lahore
	10. júlí|júlí
	sýrland|sýrland
	sýrland og írak|sýrland
	þessi|þessi
	skotbardagi|skotbardagi
	búdapest|búdapest
	ítalía|ítalía
	19. mars|mars
	lið|lið
	starfsemi|starfsemi
	miðborg parís|miðborg
	gamall bær|bær
	heilögur stríð|stríð
	landamærabær passau|landamærabær
	vinna|vinna
	zaventem|zaventem
	schaarbeek-hverfi borg|schaarbeek-hverfi
	schaarbeek-hverfi|schaarbeek-hverfi
	fyrrinótt|fyrrinótt
	birmingham|birmingham
	aðgerð|aðgerð
	sæti|sæti
	jólamarkaður|jólamarkaður
	mohamed árásarmaður eiginkona lahouaiej-bouhlel|lahouaiej-bouhlel
	maður|maður
	8. júní 2008 tokyo maður|maður
	bílstjóri|bílstjóri
	fólk|fólk
	árásarmaður|árásarmaður
	sendiherra|sendiherra
	þriðji maður|maður
	annar sprengjumaður|sprengjumaður
	lík|lík
	vitorðsmaður hann|vitorðsmaður
	hann æ róttækur|róttækur
	ouali líklega framseldur|ouali
	klukka 12|klukka
	fjöldi|fjöldi
	þrír sprenging|sprenging
	abdeslam|abdeslam
	árás líklega margur|árás
	21:30 maður|maður
	frakki|frakki
	það áfram|áfram
	skemmd|skemmd
	tafir|tafir
	nafn íbúi esb bera|esb
	þrír flug|flug
	zaventem-flugvöllur|zaventem-flugvöllur
	klukka|klukka
	skipulagður árás|árás
	þrír mánuður|mánuður
	átta mánuður|mánuður
	lögregla|lögregla
	telja hryðjuverkastarfsemi|hryðjuverkastarfsemi
	yfirvald|yfirvald
	stofnun|stofnun
	sérfræðingur|sérfræðingur
	18:07 lögregla|lögregla
	15. maí 2011|maí
	öryggisstofnun evrópuþjóður|öryggisstofnun
	túníski|túníski
	bouhell|bouhell
	nafn redi|nafn
	veri|veri
	laachraouur|laachraouur
	gruna maður|maður
	mohamed abrinur|mohamed
	kayall|kayall
	bouzid|bouzid
	isis|isis
	sögn martinur|sögn
	bifreið|bifreið
	starf|starf
	verk|verk
	leika|leika
	nálgast|nálgast
	mohamed|mohamed
	heimili hann|heimili
	mat dómur|mat
	fullur leyti|leyti
	sögn talsmaður|sögn
	salah abdeslam|salah
	abrinur|abrinur
	hluti|hluti
	cheffoa|cheffoa
	hlutverk cheffoa|hlutverk
	sök|sök
	najim laachraouur|najim
	telja najim laachraouur|najim
	starfsfólk félag|starfsfólk
	skipulagning hryðjuverkaárása|skipulagning
	gruna túníski|túníski
	upphaf skotárásari|upphaf
	fimmtán látinn|látinn
	neðanjarðarlestarstöð|neðanjarðarlestarstöð
	bouhlell|bouhlell
	túngata|túngata
	dreifa skilaboð|skilaboð
	flugrit vél|flugrit
	handtaka mohamed abrinur|mohamed
	hann sögn|sögn
	faycall|faycall
	nafn faycal|nafn
	framlenga gæsluvarðhald|gæsluvarðhald
	mikill leyti|leyti
	fella ending|ending
	tveir dagur|dagur
	gera lögregla|lögregla
	isis og yfirvald|isis
	handtökur|handtökur
	íslamski|íslamski
	fréttastofa abc|fréttastofa
	jarðarför bróðir abdeslamur|jarðarför
	maelbeek lestarstöð|maelbeek
	stade|stade
	predikari|predikari
	pólskur vörubílstjóri|vörubílstjóri
	fréttastofa vísir|fréttastofa
	lögregluyfirvald|lögregluyfirvald
	bbc|bbc
	harðskeyttur vígamaður|vígamaður
	mcdonalds-staður|mcdonalds-staður
	vitni|vitni
	hætta|hætta
	bouhlelur|bouhlelur
	rannsókn mál|rannsókn
	lag|lag
	beiðni hann|beiðni
	aballi|aballi
	flugbraut|flugbraut
	innritunarborð|innritunarborð
	hlið hann|hlið
	íslamski ríki|íslamski
	skrifstofa framkvæmdastjórn evrópusamband|skrifstofa
	tungumálanám|tungumálanám
	íslendingur|íslendingur
	vita íslendingur|íslendingur
	bílaleiga vii|bílaleiga
	róslínn ölma|róslínn
	guardian|guardian
	árásir|árásir
	athöfn|athöfn
	hryðjuverkahópur|hryðjuverkahópur
	hryðjuverk|hryðjuverk
	jakki|jakki
	voðaverk|voðaverk
	hryðjuverkaárásir|hryðjuverkaárásir
	frekur hryðjuverk|hryðjuverk
	sprengja|sprengja
	atlöga|atlöga
	það|það
	árás nokkur dagur|árás
	chemla|chemla
	annar árás|árás
	skipulagning árása|skipulagning
	háskóli|háskóli
	hlið hún|hlið
	allur íslendingur|íslendingur
	stuðningsmaður sinn|stuðningsmaður
	wall street|wall
	ransókn mál|ransókn
	það salah|salah
	maelbeek|maelbeek
	staður|staður
	benda starfsfólk|starfsfólk
	flugvöllur|flugvöllur
	blóð|blóð
	handtöka|handtöka
	höfuðpaurur hryðjuverkaárása|höfuðpaurur
	handtaka lögregla|handtaka
	lögregla eða annar|lögregla
	vígamaður hann|vígamaður
	hryðjuverkasamtöka|hryðjuverkasamtöka
	hatri|hatri
	þjóðhátíðardegur|þjóðhátíðardegur
	byssa|byssa
	nál|nál
	hugleysi|hugleysi
	öfgafullur þjóðerniskennd|þjóðerniskennd
	framsali|framsali
	átak vörubílstjóri|átak
	átak lögregla og árásarmaður|átak
	misheppnaður sjálfsmorðsárás|sjálfsmorðsárás
	eddine ouali|ouali
	saksóknar|saksóknar
	vígamaður|vígamaður
	hlutverk fayçal|hlutverk
	múslimur|múslimur
	sögn sjónarvottur|sögn
	lausn|lausn
	nýr árás|árás
	frekur árásir|árásir
	árás íslamski ríki|árás
	hryðjuverkaárás íslamski ríki|hryðjuverkaárás
	smávægilegur afbrot|afbrot
	smávægilegur afbrot og rysking|rysking
	mikill manntjón|manntjón
	aðild|aðild
	borð|borð
	helgi|helgi
	hæli|hæli
	klukkustund|klukkustund
	skilnaður|skilnaður
	miður nótt|nótt
	slys|slys
	60 milljón|milljón
	fimmtán árásir|árásir
	heimsálfa|heimsálfa
	þáttöka|þáttöka
	allur belgía|belgía
	sjálfsmorðssprengjuárás|sjálfsmorðssprengjuárás
	klukkutími|klukkutími
	óhapp|óhapp
	hríð|hríð
	árás íslamistur|árás
	öfgaskoðun|öfgaskoðun
	of|of
	níuleyti|níuleyti
	margur vopn|vopn
	skjóta hryðjuverkaárás|hryðjuverkaárás
	síðari ár|ár
	flugvöllur og lestarstöð|flugvöllur
	brottfararsalur flugvallur|brottfararsalur
	flugvöllur höfuðborg ég|flugvöllur
	þrír maður tveir svartklæddur|maður
	faycal cheffoa|faycal
	lacapitale.be|lacapitale.be
	umfjöllun kvöldfrétt stöð 2|umfjöllun
	umfjöllun stöð 2|umfjöllun
	utanríkisráðuneyti|utanríkisráðuneyti
	sonboly|sonboly
	15 ár stúlka|stúlka
	lua zequiri|zequiri
	sendiherra ísland|sendiherra
	morris|morris
	frétt gærkvöld|frétt
	ólafur ragnar|ragnar
	sjónarvottur|sjónarvottur
	utanríkisráðherra|utanríkisráðherra
	ég fólk|fólk
	fyrirbæri|fyrirbæri
	dramatískt myndband|dramatískt
	salah abdeslam framseldur|abdeslam
	europol|europol
	10.57 al-qaeda|al-qaeda
	íslamska ríki|ríki
	al-qaeda|al-qaeda
	hryðjuverkasamtöki isi|hryðjuverkasamtöki
	nágranni hann|nágranni
	líkur|líkur
	10.54 sjónarvottur|sjónarvottur
	10.04 sjónarvottur|sjónarvottur
	enginn samtök|samtök
	róttækur öfgamaður|öfgamaður
	hryðjuverkasamtöki|hryðjuverkasamtöki
	vígahópur|vígahópur
	stjórnandi zaventem|stjórnandi
	daish|daish
	guðjón arngrímssynur|guðjón
	egyptalandi eða líbanon|egyptalandi
	ráðuneyti|ráðuneyti
	afganistan|afganistan
	austurríki|austurríki
	edinborg|edinborg
	talsmaður isi|talsmaður
	embætti ríkissaksóknari|embætti
	gruna albanía|albanía
	vettvangur árásari|vettvangur
	pólland|pólland
	belgískur lögregluyfirvald|lögregluyfirvald
	bouhlel|bouhlel
	aba muhammad|aba
	aflýsa brussel|brussel
fórnarlömb:
	fórnarlamb|fórnarlamb
	látinn|látinn
	særður|særður
	þolandi|þolandi
	myrtur|myrtur
vopn:
	sprengja|sprengja
	byssa|byssa
	vopn|vopn
	bílsprengja|bílsprengja
	hnífur|hnífur
	tveir sprengja|sprengja
skotmarkA:
	bygging|bygging
	sendiráð|sendiráð
	heimili|heimili
	alþingi|alþingi
	louvre|louvre
	bataclan|bataclan
skotmarkB:
	vörubíll|vörubíll
	bíll|bíll
	bifreið|bifreið
	farartæki|farartæki
	mótorhjól|mótorhjól
	kjarnorkuveri|kjarnorkuveri
	belgía|belgía
	bataclan|bataclan
	íbúð|íbúð
	brussel|brussel
	bíll árásarmaður|bíll
	kaupmannahöfn|kaupmannahöfn
	danmörk|danmörk
	parís|parís
	fartölva|fartölva
	tölva|tölva
	yfirheyrsla|yfirheyrsla
	borg|borg
	parís lögregla|parís
	nóvember|nóvember
	sjónvarpsviðtal|sjónvarpsviðtal
	gærkvöld|gærkvöld
	frakkland|frakkland
	nice|nice
	nice og fjölskylda|nice
	parís og brussel|parís
	nota bíll|bíll
	minningarathöfn|minningarathöfn
	síðari vika|vika
	morgunn|morgunn
	nágrannaland belgía|nágrannaland
	árás þrír|árás
	sprenginga|sprenginga
	lest|lest
	mál saksóknari|mál
	evrópa|evrópa
	árás|árás
	sprengjuárás|sprengjuárás
	mars|mars
	tengsl|tengsl
	gærmorgunn|gærmorgunn
	nafn samtök|nafn
	raun|raun
	heimaland|heimaland
	land|land
	holland|holland
	belgía og frakkland|belgía
	tvígangur|tvígangur
	fjölmiðill|fjölmiðill
	vera tilkynning|tilkynning
	berlín|berlín
	nota vörubíll|vörubíll
	nota frétt svt|frétt
	samtal|samtal
	heill ár|ár
	nokkur mánuður|mánuður
	frakkland hryðjuverk|frakkland
	borg nice|borg
	fjöldi árása|fjöldi
	gær|gær
	tveir borg|borg
	útey|útey
	fyrri|fyrri
	ruslafata|ruslafata
	hryðjuverka|hryðjuverka
	fangelsi|fangelsi
	samstarf|samstarf
	hald|hald
	skór|skór
	tilkynning|tilkynning
	bígerð|bígerð
	brussel og parís|brussel
	vika|vika
	framkvæma vika|vika
	hverfi|hverfi
	mál ráðamaður|mál
	þauli|þauli
	janúar|janúar
	belgía birta|belgía
	fyrstur sinn|sinn
	maraþoni|maraþoni
	anderlecht|anderlecht
	yfirlýsing|yfirlýsing
	nærri nágrenni|nágrenni
	felur|felur
	hvítur jakki|jakki
	hjarta það|hjarta
	árása|árása
	dagur|dagur
	grennd|grennd
	för|för
	hald lögregla|hald
	hald yfirvald|hald
	flúa parís|parís
	árás það|árás
	síðari mánuður|mánuður
	eiga|eiga
	charlottenburg|charlottenburg
	hvetja berlín|berlín
	beinn samband|samband
	sjokkur martin|sjokkur
	samband|samband
	sjokkur|sjokkur
	flutningabíll|flutningabíll
	hópur|hópur
	írak|írak
	lífshætta|lífshætta
	sýrlandi|sýrlandi
	viðtal|viðtal
	hann|hann
	þýskaland|þýskaland
	münchen|münchen
	borgarhluti moosach|borgarhluti
	samskipti|samskipti
	nótt|nótt
	fullur gangur|gangur
	sex mánuður|mánuður
	júlí|júlí
	bær saint-laurent-du-vur|bær
	vesturhluti|vesturhluti
	miðborg|miðborg
	frí|frí
	himnalag|himnalag
	miðborg nice|miðborg
	alvarlegur ástand|ástand
	rannsókn|rannsókn
	árás anderur breivik|árás
	allur nótt|nótt
	tilefni|tilefni
	mánuður|mánuður
	frétt svt|frétt
	dómur|dómur
	evrópa en eðli það|evrópa
	gildi|gildi
	úthverfi parís|úthverfi
	pakistan|pakistan
	þjálfun|þjálfun
	greinargerð vísitala|greinargerð
	desember|desember
	skilaboð|skilaboð
	knattspyrna|knattspyrna
	egyptalandi|egyptalandi
	brussel nokkur|brussel
	gíslinga isi|gíslinga
	skjalasafn isi|skjalasafn
	aðgerða|aðgerða
	yfirheyra bretland|bretland
	fimm mánuður|mánuður
	tyrkland|tyrkland
	vöra belgía|belgía
	brussel salah|brussel
	tvísýnur|tvísýnur
	fremja brussel|brussel
	ruslatunna|ruslatunna
	telja brussel|brussel
	kjölfar|kjölfar
	sýrlandi eða írak|sýrlandi
	hafa árás|árás
	neðanjarðarlestargöng|neðanjarðarlestargöng
	neðanjarðarlest|neðanjarðarlest
	vita brussel|brussel
	borg abdeslam|borg
	undirbúningur og framkvæmd árása|undirbúningur
	átak|átak
	norðurrín-vestfalía og berlín|norðurrín-vestfalía
	byrjun|byrjun
	telja flutningabíll|flutningabíll
	bæjaralandi|bæjaralandi
	flugskýli|flugskýli
	febrúar|febrúar
	segja berlín|berlín
	ljós það|ljós
	skjóta þýskaland|þýskaland
	átt|átt
	einn vetfang|vetfang
	hugi|hugi
	hryðjuverkaárás|hryðjuverkaárás
	ástralía|ástralía
	sýrlandi og írak|sýrlandi
	hyggja|hyggja
	myndbandi|myndbandi
	byrjun ár|byrjun
	sjálfsmorðsárás|sjálfsmorðsárás
	telja evrópa|evrópa
	rotterdam|rotterdam
	höfuðborg|höfuðborg
	veita yfirheyrsla|yfirheyrsla
	skotbardögur|skotbardögur
	skipti|skipti
	gíslinga|gíslinga
	nice sjö|nice
	særða fjölmiðill|fjölmiðill
	frakkland og belgía|frakkland
	norðvesturhluti þýskaland|norðvesturhluti
	hádegi|hádegi
	bær saint|bær
	kirkja|kirkja
	verslunarmiðstöð|verslunarmiðstöð
	dreifing|dreifing
	sprenging|sprenging
	chapell hill|chapell
	umfangsmikill aðgerð|aðgerð
	sár|sár
	hryðjuverkaárása|hryðjuverkaárása
	skýrsla|skýrsla
	yfirlýsing isi|yfirlýsing
	íslömski|íslömski
	grein|grein
	fjórir mánuður|mánuður
	koma land|land
	farþegasæti|farþegasæti
	vera sumarleyfi|sumarleyfi
	hvetja bandaríki og evrópa|bandaríki
	árás hryðjuverkamaður|árás
	mál|mál
	áhlaup|áhlaup
	raun og vera|raun
	gera belgía|belgía
	saga|saga
	nágrannalöndur|nágrannalöndur
	forsetakosning|forsetakosning
	schaarbeek|schaarbeek
	segja hald lögregla|hald
	mál breivik|mál
	ræða sár|sár
	brussel upptaka|brussel
	árekstur|árekstur
	fjölmargur árás|árás
	tyrlandi|tyrlandi
	london|london
	skotland|skotland
	apríl|apríl
	segja hald|hald
	röð|röð
	heimur|heimur
	safn gyðingur|safn
	ljós|ljós
	koma ljós|ljós
	gagn|gagn
	kjölfar það|kjölfar
	kjölfar árása|kjölfar
	kvöld|kvöld
	kynni|kynni
	saga hann|saga
	kast|kast
	kjölfar hryðjuverk|kjölfar
	loft|loft
	stríðsverslun og vopnaþjálfun|stríðsverslun
	staður það|staður
	sumar|sumar
	tjá segja brusselur|brusselur
	margur tilvikjur|tilvikjur
	kjölfar áhlaup|kjölfar
	segja morgunn|morgunn
	greina dagur|dagur
	garður útlendingur|garður
	eiginkona|eiginkona
	fótur|fótur
	vegur|vegur
	sorgardagur|sorgardagur
	segja brusselur|brusselur
	húsleit|húsleit
	ráða dagur|dagur
	azaz|azaz
	frétt sky|frétt
	síðari vika en hann|vika
	verkfall|verkfall
	flugstöð|flugstöð
	dagur birta|dagur
	verslunarmiðstöð olympia-einkaufszentra|verslunarmiðstöð
	al-qaeda tímarit|tímarit
	rannsókn lögregluyfirvald|rannsókn
	gruna parís|parís
	náinn framtíð|framtíð
	stríð|stríð
	barátta|barátta
	ríki heimur|ríki
	föstumánuður múslimur|föstumánuður
	bandaríki og evrópa|bandaríki
	bretland|bretland
	annar hverfi|hverfi
	nærri mánuður|mánuður
	gæsluvarðhald|gæsluvarðhald
	hryðjuverkasamtök 
	gangur|gangur
	fótbolti|fótbolti
	telja belgía|belgía
	kjölfar rannsókn|kjölfar
	handtaka dagur|dagur
	handsama kjölfar það|kjölfar
	myndband|myndband
	íbúahverfi|íbúahverfi
	shaerbeek|shaerbeek
	suðurhluta-frakkland|suðurhluta-frakkland
	koma fjölga borg|borg
	segja vika|vika
	kvikmyndahús|kvikmyndahús
	matarverslun gyðingur|matarverslun
	flugstöðvarbygging|flugstöðvarbygging
	fyrstur lag|lag
	daglegur útvarpspistlur|útvarpspistlur
	fyrradagur|fyrradagur
	charlottenburg-hverfi|charlottenburg-hverfi
	charlerour|charlerour
	framlenga júlí|júlí
	viðbót|viðbót
	ódæði|ódæði
	ræða|ræða
	sjálfsvígsárás|sjálfsvígsárás
	bardagi|bardagi
	fylgd|fylgd
	brottfararsalur zaventem-flugvallarins|brottfararsalur
	öryggismyndvéla|öryggismyndvéla
	kjallari norðurturnur|kjallari
	árás hryðjuverkasamtök og einstaklingur|árás
	starfsemi hryðjuverkahópur og hryðjuverkaárás|starfsemi
	innrási|innrási
	emmerich|emmerich
	sjálfsvígsárása|sjálfsvígsárása
	vél flugfélag|vél
	álfa|álfa
	láta úrskurða vörubíll|vörubíll
	heimahús 
	bíða nice|nice
	sagða brussels|brussels
	hryðjuverkaárás isi|hryðjuverkaárás
	sjálfsmorðssprengjumaður|sjálfsmorðssprengjumaður
	hryðjuverkasamtök|hryðjuverkasamtök
	maður og skipulagning árásari|skipulagning
	hryðjuverkasamtöka isi|hryðjuverkasamtöka
	evrópumeistaramóti|evrópumeistaramóti
	sá 22. mars|mars
	slagur|slagur
	garður hryðjuverki|garður
	nafn|nafn
	nafn islam|nafn
	morð|morð
	hryðjuverkastarfsemi|hryðjuverkastarfsemi
	júní|júní
	hönd|hönd
	moska|moska
	trukkur|trukkur
	hópur fólk|hópur
	hermaður|hermaður
	langur vegalengd|vegalengd
	kvöld ræða|kvöld
	nærri vika|vika
	gærdagur|gærdagur
	nágrenni|nágrenni
	rangur hús|hús
	hús|hús
	fjórir lesta|lesta
	miðjuvagn|miðjuvagn
	skör|skör
	fyrirtæki|fyrirtæki
	bak|bak
	almenningur|almenningur
	bani|bani
	aðstoð|aðstoð
	umræða|umræða
	lahore|lahore
	10. júlí|júlí
	sýrland|sýrland
	sýrland og írak|sýrland
	þessi|þessi
	skotbardagi|skotbardagi
	búdapest|búdapest
	ítalía|ítalía
	19. mars|mars
	lið|lið
	starfsemi|starfsemi
	miðborg parís|miðborg
	gamall bær|bær
	heilögur stríð|stríð
	landamærabær passau|landamærabær
	vinna|vinna
	zaventem|zaventem
	schaarbeek-hverfi borg|schaarbeek-hverfi
	schaarbeek-hverfi|schaarbeek-hverfi
	fyrrinótt|fyrrinótt
	birmingham|birmingham
	aðgerð|aðgerð
	sæti|sæti
	jólamarkaður|jólamarkaður
	mohamed árásarmaður eiginkona lahouaiej-bouhlel|lahouaiej-bouhlel
	maður|maður
	8. júní 2008 tokyo maður|maður
	bílstjóri|bílstjóri
	fólk|fólk
	árásarmaður|árásarmaður
	sendiherra|sendiherra
	þriðji maður|maður
	annar sprengjumaður|sprengjumaður
	lík|lík
	vitorðsmaður hann|vitorðsmaður
	hann æ róttækur|róttækur
	ouali líklega framseldur|ouali
	klukka 12|klukka
	fjöldi|fjöldi
	þrír sprenging|sprenging
	abdeslam|abdeslam
	árás líklega margur|árás
	21:30 maður|maður
	frakki|frakki
	það áfram|áfram
	skemmd|skemmd
	tafir|tafir
	nafn íbúi esb bera|esb
	þrír flug|flug
	zaventem-flugvöllur|zaventem-flugvöllur
	klukka|klukka
	skipulagður árás|árás
	þrír mánuður|mánuður
	átta mánuður|mánuður
	nafn redi|nafn
	veri|veri
	laachraouur|laachraouur
	gruna maður|maður
	mohamed abrinur|mohamed
	kayall|kayall
	bouzid|bouzid
	isis|isis
	sögn martinur|sögn
	starf|starf
	verk|verk
	leika|leika
	nálgast|nálgast
	mohamed|mohamed
	heimili hann|heimili
	mat dómur|mat
	fullur leyti|leyti
	sögn talsmaður|sögn
	salah abdeslam|salah
	abrinur|abrinur
	hluti|hluti
	cheffoa|cheffoa
	hlutverk cheffoa|hlutverk
	sök|sök
	lögregla|lögregla
	najim laachraouur|najim
	telja najim laachraouur|najim
	starfsfólk félag|starfsfólk
	skipulagning hryðjuverkaárása|skipulagning
	gruna túníski|túníski
	upphaf skotárásari|upphaf
	fimmtán látinn|látinn
	neðanjarðarlestarstöð|neðanjarðarlestarstöð
	bouhlell|bouhlell
	bouhell|bouhell
	túngata|túngata
	dreifa skilaboð|skilaboð
	flugrit vél|flugrit
	handtaka mohamed abrinur|mohamed
	hann sögn|sögn
	faycall|faycall
	nafn faycal|nafn
	túníski|túníski
	framlenga gæsluvarðhald|gæsluvarðhald
	mikill leyti|leyti
	yfirvald|yfirvald
	stofnun|stofnun
	sérfræðingur|sérfræðingur
	18:07 lögregla|lögregla
	15. maí 2011|maí
	öryggisstofnun evrópuþjóður|öryggisstofnun
	telja hryðjuverkastarfsemi|hryðjuverkastarfsemi
	fella ending|ending
	tveir dagur|dagur
	gera lögregla|lögregla
	isis og yfirvald|isis
	handtökur|handtökur
	íslamski|íslamski
	fréttastofa abc|fréttastofa
	jarðarför bróðir abdeslamur|jarðarför
	maelbeek lestarstöð|maelbeek
	stade|stade
	predikari|predikari
	pólskur vörubílstjóri|vörubílstjóri
	fréttastofa vísir|fréttastofa
	lögregluyfirvald|lögregluyfirvald
	bbc|bbc
	harðskeyttur vígamaður|vígamaður
	mcdonalds-staður|mcdonalds-staður
	vitni|vitni
	hætta|hætta
	bouhlelur|bouhlelur
	rannsókn mál|rannsókn
	lag|lag
	beiðni hann|beiðni
	aballi|aballi
	flugbraut|flugbraut
	innritunarborð|innritunarborð
	hlið hann|hlið
	íslamski ríki|íslamski
	skrifstofa framkvæmdastjórn evrópusamband|skrifstofa
	tungumálanám|tungumálanám
	íslendingur|íslendingur
	vita íslendingur|íslendingur
	bílaleiga vii|bílaleiga
	róslínn ölma|róslínn
	guardian|guardian
	árásir|árásir
	athöfn|athöfn
	hryðjuverkahópur|hryðjuverkahópur
	hryðjuverk|hryðjuverk
	jakki|jakki
	voðaverk|voðaverk
	hryðjuverkaárásir|hryðjuverkaárásir
	frekur hryðjuverk|hryðjuverk
	sprengja|sprengja
	atlöga|atlöga
	það|það
	árás nokkur dagur|árás
	chemla|chemla
	annar árás|árás
	skipulagning árása|skipulagning
	háskóli|háskóli
	hlið hún|hlið
	allur íslendingur|íslendingur
	stuðningsmaður sinn|stuðningsmaður
	wall street|wall
	ransókn mál|ransókn
	það salah|salah
	maelbeek|maelbeek
	staður|staður
	benda starfsfólk|starfsfólk
	flugvöllur|flugvöllur
	blóð|blóð
	handtöka|handtöka
	höfuðpaurur hryðjuverkaárása|höfuðpaurur
	handtaka lögregla|handtaka
	lögregla eða annar|lögregla
	vígamaður hann|vígamaður
	hryðjuverkasamtöka|hryðjuverkasamtöka
	hatri|hatri
	þjóðhátíðardegur|þjóðhátíðardegur
	byssa|byssa
	nál|nál
	hugleysi|hugleysi
	öfgafullur þjóðerniskennd|þjóðerniskennd
	framsali|framsali
	átak vörubílstjóri|átak
	átak lögregla og árásarmaður|átak
	misheppnaður sjálfsmorðsárás|sjálfsmorðsárás
	eddine ouali|ouali
	saksóknar|saksóknar
	vígamaður|vígamaður
	hlutverk fayçal|hlutverk
	múslimur|múslimur
	sögn sjónarvottur|sögn
	lausn|lausn
	nýr árás|árás
	frekur árásir|árásir
	árás íslamski ríki|árás
	hryðjuverkaárás íslamski ríki|hryðjuverkaárás
	smávægilegur afbrot|afbrot
	smávægilegur afbrot og rysking|rysking
	mikill manntjón|manntjón
	aðild|aðild
	borð|borð
	helgi|helgi
	hæli|hæli
	klukkustund|klukkustund
	skilnaður|skilnaður
	miður nótt|nótt
	slys|slys
	60 milljón|milljón
	fimmtán árásir|árásir
	heimsálfa|heimsálfa
	þáttöka|þáttöka
	allur belgía|belgía
	sjálfsmorðssprengjuárás|sjálfsmorðssprengjuárás
	klukkutími|klukkutími
	óhapp|óhapp
	hríð|hríð
	árás íslamistur|árás
	öfgaskoðun|öfgaskoðun
	of|of
	níuleyti|níuleyti
	margur vopn|vopn
	skjóta hryðjuverkaárás|hryðjuverkaárás
	síðari ár|ár
	flugvöllur og lestarstöð|flugvöllur
	brottfararsalur flugvallur|brottfararsalur
	flugvöllur höfuðborg ég|flugvöllur
	þrír maður tveir svartklæddur|maður
	faycal cheffoa|faycal
	lacapitale.be|lacapitale.be
	umfjöllun kvöldfrétt stöð 2|umfjöllun
	umfjöllun stöð 2|umfjöllun
	utanríkisráðuneyti|utanríkisráðuneyti
	sonboly|sonboly
	15 ár stúlka|stúlka
	lua zequiri|zequiri
	sendiherra ísland|sendiherra
	morris|morris
	frétt gærkvöld|frétt
	ólafur ragnar|ragnar
	sjónarvottur|sjónarvottur
	utanríkisráðherra|utanríkisráðherra
	ég fólk|fólk
	fyrirbæri|fyrirbæri
	dramatískt myndband|dramatískt
	salah abdeslam framseldur|abdeslam
	europol|europol
	10.57 al-qaeda|al-qaeda
	íslamska ríki|ríki
	al-qaeda|al-qaeda
	hryðjuverkasamtöki isi|hryðjuverkasamtöki
	nágranni hann|nágranni
	líkur|líkur
	10.54 sjónarvottur|sjónarvottur
	10.04 sjónarvottur|sjónarvottur
	enginn samtök|samtök
	róttækur öfgamaður|öfgamaður
	hryðjuverkasamtöki|hryðjuverkasamtöki
	vígahópur|vígahópur
	stjórnandi zaventem|stjórnandi
	daish|daish
	guðjón arngrímssynur|guðjón
	egyptalandi eða líbanon|egyptalandi
	ráðuneyti|ráðuneyti
	afganistan|afganistan
	austurríki|austurríki
	edinborg|edinborg
	talsmaður isi|talsmaður
	embætti ríkissaksóknari|embætti
	gruna albanía|albanía
	vettvangur árásari|vettvangur
	pólland|pólland
	belgískur lögregluyfirvald|lögregluyfirvald
	bouhlel|bouhlel
	aba muhammad|aba
	aflýsa brussel|brussel
	zaventem flugvöllur|zaventem
	heimili cheffoa|heimili
	sprengjubúnaður|sprengjubúnaður
	list bandaríki|list
	sprengjuvesti|sprengjuvesti
	snjallsími|snjallsími
	svæði|svæði
	vettvangur|vettvangur
	öryggisnet evrópa|öryggisnet
	heimili|heimili
	fimmtudagur|fimmtudagur
	fremri hlunnur|hlunnur
	boston-maraþon ár|boston-maraþon
	frelsi|frelsi
	charlie hebdo|charlie
	matvöruverslun|matvöruverslun
	þessi ár|ár
	flótti|flótti
	pólskur númeri|númeri
	nokkur háttur|háttur
	laugardagur|laugardagur
	sinn vegur|vegur
	háls|háls
	neinn list|list
	annar bíll|bíll
	sérstakur list|list
	rúmur ár|ár
	ráð|ráð
	hár viðbúnaðarstigi|viðbúnaðarstigi
	vegur hann|vegur
	flug|flug
	þriðjudagur|þriðjudagur
	stór poki|poki
	spor|spor
	óvar|óvar
	telja föstudagur|föstudagur
	flugvöllur og jarðlestarstöð|flugvöllur
	frekur árás|árás
	fimmtudagskvöld|fimmtudagskvöld
	enginn háttur|háttur
	zaventem-flugvöllur og maelbeek-lestarstöð|zaventem-flugvöllur
	sprenga bygging flugvallur|bygging
	charleroi-flugvellur|charleroi-flugvellur
	ferð|ferð
	miðlur|miðlur
	listi hann|listi
	blaðamannafundur|blaðamannafundur
	gjörgæsla|gjörgæsla
	vettvangur sprengjuárási|vettvangur
	gera vettvangur sprengjuárási|vettvangur
	mynd|mynd
	vegur isi|vegur
	flugvöllur og annar|flugvöllur
	reik|reik
	neðanjarðarlestarstöð maelbeek|neðanjarðarlestarstöð
	fundur|fundur
	leið|leið
	hlaup|hlaup
	varðberg|varðberg
	bensínstöð|bensínstöð
	kerti|kerti
	ár|ár
	aldur|aldur
	líf|líf
	kebabstaður|kebabstaður
	ferill|ferill
	vefur france24|vefur
	vegur íslamski ríki|vegur
	vakt|vakt
	listi|listi
	breiðgata|breiðgata
	bakgrunnur hann|bakgrunnur
	skrá|skrá
	aðalgata|aðalgata
	flugeldasýninga|flugeldasýninga
	al-bayan útvarpsstöð|al-bayan
	promenade|promenade
	mánudagur|mánudagur
	gjörgæsla en francois|gjörgæsla
	birta heimili|heimili
	vesturland|vesturland
	heimili maður|heimili
	jörð og fjöldi fólk|jörð
	abballi|abballi
	handtaka svæði|svæði
	twitter|twitter
	em|em
	síða|síða
	völlur|völlur
	vefur|vefur
	vettvangur sjálfsvígsprengjuárásari|vettvangur
	næsta|næsta
	sönnunargagn|sönnunargagn
	maelbeek-neðanjarðarlestarstöð|maelbeek-neðanjarðarlestarstöð
	allur sjúkrahús|sjúkrahús
	tempelhof-flugvellur|tempelhof-flugvellur
	disneyland|disneyland
	föstudagur|föstudagur
	malbeek-lestarstöða|malbeek-lestarstöða
	heimili bouhlel|heimili
	sjúkrahús|sjúkrahús
	twitter-síða sinn|twitter-síða
	vefur telegraph|vefur
	öryggismyndavél|öryggismyndavél
	zaventem-flugvelli|zaventem-flugvelli
	lestarstöð|lestarstöð
	mögulegur viðverustaður|viðverustaður
	brusselflugvellur|brusselflugvellur
	gildi ég|gildi
	franskur grunda|grunda
	mánudagskvöld|mánudagskvöld
	ferðamannastaður|ferðamannastaður
	strandhótel|strandhótel
	skjóta háls|háls
	bygging flugvallur|bygging
	seinn ár|ár
	samfélagsmiðlur twitter|samfélagsmiðlur
	vefur bbc|vefur
	blaðamannfundur|blaðamannfundur
	þessi tímapunktur|tímapunktur
	kaffihús|kaffihús
	hlutverk|hlutverk
	zaventem-flugvöllur og lestarstöð|zaventem-flugvöllur
	vefur fréttastofa|vefur
	zaventem-flugvellur|zaventem-flugvellur
	heimili fólk|heimili
	annar vegur|vegur
	breitscheidplatz-torgi|breitscheidplatz-torgi
	spítali|spítali
	flugvöllur en tuttugu|flugvöllur
	alþjóðaflugvöllur|alþjóðaflugvöllur
	tveir staður|staður
