apríl	apríl
asahláka	asahláka
aukning	aukning
aurskriða	aurskriða
aurskriður	aurskriður
austanátt	austanátt
austfirðingur	austfirðingur
austurhelmingur	austurhelmingur
austurhluti	austurhluti
austurland	austurland
aðfangadagur	aðfangadagur
aðfaranótt	aðfaranótt
aðstandendur	aðstandendur
aðstæður	aðstæður
bakki	bakki
banaslys	banaslys
beygja	beygja
bifreið	bifreið
bifreiði	bifreiði
birting	birting
björgun	björgun
björgunarbátur	björgunarbátur
björgunarmaður	björgunarmaður
björgunarsveit	björgunarsveit
björgunarsveitarbíll	björgunarsveitarbíll
björgunarsveitarmaður	björgunarsveitarmaður
björgunarvesti	björgunarvesti
bleyta	bleyta
blíðskaparveður	blíðskaparveður
blíðviðri	blíðviðri
borgarbúi	borgarbúi
borgarstjóri	borgarstjóri
borð	borð
botn	botn
brekka	brekka
brennisteinsmengun	brennisteinsmengun
brot	brot
bruni	bruni
bryggja	bryggja
bróðir	bróðir
brú	brú
brún	brún
bsí	bsí
byggð	byggð
bylgja	bylgja
bylur	bylur
bára	bára
bátur	bátur
bæjarbúi	bæjarbúi
bæjarhlað	bæjarhlað
bæjarstarfsmaður	bæjarstarfsmaður
bæjarstjóri	bæjarstjóri
bær	bær
bílastæði	bílastæði
bíll	bíll
bílslys	bílslys
bóndi	bóndi
bústaður	bústaður
celsius	celsius
dagsferð	dagsferð
dagur	dagur
dalur	dalur
deildarstjóri	deildarstjóri
dembur	dembur
desember	desember
djúp	djúp
dropi	dropi
drulla	drulla
dráttarbíll	dráttarbíll
eftirmiðdagur	eftirmiðdagur
egilsstaðaflugvellur	egilsstaðaflugvellur
eignatjón	eignatjón
einstaklingur	einstaklingur
eittleyti	eittleyti
eldgos	eldgos
eldhaf	eldhaf
elding	elding
eldsumbrot	eldsumbrot
eldsvoði	eldsvoði
eyja	eyja
eyjar	eyjar
eyjaskeggi	eyjaskeggi
fannfergi	fannfergi
farþegi	farþegi
faðir	faðir
febrúar	febrúar
ferðafólk	ferðafólk
ferðalangur	ferðalangur
ferðamaður	ferðamaður
fimmleyti	fimmleyti
fimmtudagskvöld	fimmtudagskvöld
fimmtudagsmorgunn	fimmtudagsmorgunn
fimmtudagur	fimmtudagur
fjall	fjall
fjallvegur	fjallvegur
fjara	fjara
fjárhús	fjárhús
fjórðungur	fjórðungur
fjölbýlishúsi	fjölbýlishúsi
fjölskylda	fjölskylda
fjörður	fjörður
flak	flak
flug	flug
flugatvik	flugatvik
flugbraut	flugbraut
flugfélag	flugfélag
flughæð	flughæð
flugmaður	flugmaður
flugvél	flugvél
flutningabíll	flutningabíll
flói	flói
flóð	flóð
formaður	formaður
forráðamaður	forráðamaður
forstjóri	forstjóri
forstöðumaður	forstöðumaður
framburður	framburður
framrúða	framrúða
framtíð	framtíð
framúrakstur	framúrakstur
frjókorn	frjókorn
frjótala	frjótala
frost	frost
frostmark	frostmark
fyrradagur	fyrradagur
fyrrakvöld	fyrrakvöld
fyrramál	fyrramál
fyrravetur	fyrravetur
fyrri	fyrri
fyrrinótt	fyrrinótt
félagi	félagi
félagsheimili	félagsheimili
fólk	fólk
fólksbifreiðir	fólksbifreiðir
fólksbíll	fólksbíll
fönn	fönn
föstudagskvöld	föstudagskvöld
föstudagur	föstudagur
gamlársdagur	gamlársdagur
gata	gata
gatnamóti	gatnamóti
gestur	gestur
geysissvæð	geysissvæð
gil	gil
gosvirkni	gosvirkni
grasfrjó	grasfrjó
grindavíkurhöfn	grindavíkurhöfn
grjót	grjót
grjóthrun	grjóthrun
gráða	gráða
gær	gær
gærdagur	gærdagur
gærkvöld	gærkvöld
gærmorgunn	gærmorgunn
gærnótt	gærnótt
göng	göng
göngufélagi	göngufélagi
hafnarbakki	hafnarbakki
hafnarfjarðarbær	hafnarfjarðarbær
haust	haust
haustveður	haustveður
heiði	heiði
heyskapartíð	heyskapartíð
himinn	himinn
hitabylgja	hitabylgja
hitameti	hitameti
hitastig	hitastig
hiti	hiti
hjálparsveit	hjálparsveit
hlaup	hlaup
hlaupastaður	hlaupastaður
hlýindi	hlýindi
hraun	hraun
hraungrýti	hraungrýti
hringvegur	hringvegur
hrun	hrun
hryðja	hryðja
hríð	hríð
hundadagur	hundadagur
hvassviðri	hvassviðri
hver	hver
hviða	hviða
hvítasunna	hvítasunna
hvítasunnuhelgi	hvítasunnuhelgi
hádegi	hádegi
hádegisbil	hádegisbil
hálendi	hálendi
hálftími	hálftími
hálka	hálka
hæglætisveðri	hæglætisveðri
hægviðrur	hægviðrur
hætta	hætta
hæð	hæð
hérað	hérað
hóll	hóll
hólmi	hólmi
hópur	hópur
höfn	höfn
höfuðborg	höfuðborg
höfuðborgarbúur	höfuðborgarbúur
höfuðborgarsvæði	höfuðborgarsvæði
hús	hús
húseigandi	húseigandi
húsnæði	húsnæði
innanlandsflug	innanlandsflug
innstrandavegur	innstrandavegur
innsveiti	innsveiti
janúar	janúar
janúarmánuður	janúarmánuður
jarðeðlisfræðingur	jarðeðlisfræðingur
jarðfræðingur	jarðfræðingur
jarðskjálftakippur	jarðskjálftakippur
jarðskjálfti	jarðskjálfti
jarðskjálftur	jarðskjálftur
jeppabifreið	jeppabifreið
jeppamaður	jeppamaður
jeppi	jeppi
jól	jól
jólaveður	jólaveður
jónsmessa	jónsmessa
jökulhlaupi	jökulhlaupi
jökull	jökull
jökulrönd	jökulrönd
jökulsá	jökulsá
jökulá	jökulá
jörð	jörð
júlí	júlí
júlímánuður	júlímánuður
júní	júní
júníhiti	júníhiti
kafari	kafari
kaffileyti	kaffileyti
karlmaður	karlmaður
keflavíkurflugvöllur	keflavíkurflugvöllur
kippur	kippur
klukka	klukka
klukkustund	klukkustund
klukkutími	klukkutími
km	km
kona	kona
kraftur	kraftur
krap	krap
krapaflóð	krapaflóð
krapaflóðahætta	krapaflóðahætta
krapaflóði	krapaflóði
krapaskriða	krapaskriða
krapi	krapi
kuldakast	kuldakast
kuldatíð	kuldatíð
kuldi	kuldi
kvöld	kvöld
kvöldmatarleyti	kvöldmatarleyti
kílómetri	kílómetri
kötluhlaupi	kötluhlaupi
land	land
landgrunn	landgrunn
landhelgisgæsla	landhelgisgæsla
landsbrot	landsbrot
landshluti	landshluti
landsmaður	landsmaður
landsvæði	landsvæði
langtímaspái	langtímaspái
langtímaveðurspá	langtímaveðurspá
laugardagskvöld	laugardagskvöld
laugardagsmorgunn	laugardagsmorgunn
laugardagur	laugardagur
leitarhundur	leitarhundur
leitarhópur	leitarhópur
leitarskilyrði	leitarskilyrði
leitarstarf	leitarstarf
leitarsvæði	leitarsvæði
leiti	leiti
leyti	leyti
loft	loft
lofthiti	lofthiti
loftslagsbreyting	loftslagsbreyting
loftstraumur	loftstraumur
láglendi	láglendi
lægð	lægð
lækjarbakki	lækjarbakki
lækur	lækur
lón	lón
lögregla	lögregla
lögreglujeppi	lögreglujeppi
lögreglumaður	lögreglumaður
lögreglustjóri	lögreglustjóri
m	m
mars	mars
marsmánuður	marsmánuður
maí	maí
maímánuður	maímánuður
maður	maður
meginland	meginland
mengun	mengun
methiti	methiti
metri	metri
meðalhiti	meðalhiti
meðallag	meðallag
meðaltal	meðaltal
meðalvindhraði	meðalvindhraði
meðalvindur	meðalvindur
meðalár	meðalár
millilandaflugi	millilandaflugi
miðborg	miðborg
miðbær	miðbær
miðnætti	miðnætti
miðvikudagskvöld	miðvikudagskvöld
miðvikudagur	miðvikudagur
mm	mm
morgundagur	morgundagur
morgunn	morgunn
morgunsár	morgunsár
mánaðamót	mánaðamót
mánudagsmorgunn	mánudagsmorgunn
mánudagur	mánudagur
mánuður	mánuður
mínúta	mínúta
na-strönd	na-strönd
norðanátt	norðanátt
norðaustanátt	norðaustanátt
norðaustur-	norðaustur-
norðausturhorn	norðausturhorn
norðausturland	norðausturland
norðurhluti	norðurhluti
norðurland	norðurland
norðurströnd	norðurströnd
norðvestanland	norðvestanland
norðvesturhluti	norðvesturhluti
nágrenni	nágrenni
nótt	nótt
nóvember	nóvember
ofanflóði	ofanflóði
ofankoma	ofankoma
ofsaveður	ofsaveður
október	október
októbermánuður	októbermánuður
pallbíll	pallbíll
páskahelgi	páskahelgi
páskar	páskar
reykjavíkurflugvöllur	reykjavíkurflugvöllur
reykur	reykur
reykvíkingur	reykvíkingur
richter	richter
rigning	rigning
rofmáttur	rofmáttur
rok	rok
ráðhústorg	ráðhústorg
rúta	rúta
sekúnda	sekúnda
september	september
septembermánuður	septembermánuður
sexleyti	sexleyti
sina	sina
sinubrunur	sinubrunur
sjómannadagur	sjómannadagur
sjór	sjór
sjöleyti	sjöleyti
sjúklingur	sjúklingur
sjúkrahús	sjúkrahús
skafl	skafl
skafrenningur	skafrenningur
skemmd	skemmd
skip	skip
skipstjóri	skipstjóri
skipverji	skipverji
skjálftahrina	skjálftahrina
skjálftamælur	skjálftamælur
skjálftasvæði	skjálftasvæði
skjálftavirkni	skjálftavirkni
skjálfti	skjálfti
skotveiðimaður	skotveiðimaður
skriða	skriða
skálavörður	skálavörður
skáli	skáli
skógur	skógur
skúr	skúr
slydduélja	slydduélja
slys	slys
slysadeild	slysadeild
slysstaður	slysstaður
slökkvilið	slökkvilið
slökkviliðsmaður	slökkviliðsmaður
smáskjálfti	smáskjálfti
snjóathugunarmaður	snjóathugunarmaður
snjóflóð	snjóflóð
snjóflóðahætta	snjóflóðahætta
snjóflóðasvæði	snjóflóðasvæði
snjóflóði	snjóflóði
snjókoma	snjókoma
snjómælingamaður	snjómælingamaður
snjór	snjór
snjóþyngsli	snjóþyngsli
sprenging	sprenging
sprunga	sprunga
sprunguveggur	sprunguveggur
spá	spá
spákort	spákort
starfsmaður	starfsmaður
staðsetning	staðsetning
staður	staður
stig	stig
stjörnufræðingur	stjörnufræðingur
stormur	stormur
strekkingsvindur	strekkingsvindur
strekkingur	strekkingur
strengur	strengur
strætisvagn	strætisvagn
strönd	strönd
styrkur	styrkur
stærð	stærð
stórgrýti	stórgrýti
stórhríðaveður	stórhríðaveður
stórtjón	stórtjón
stórviðri	stórviðri
stöð	stöð
sumar	sumar
sumardagur	sumardagur
sumarfæri	sumarfæri
sumarveður	sumarveður
sunnanátt	sunnanátt
sunnudagskvöld	sunnudagskvöld
sunnudagur	sunnudagur
suðausturland	suðausturland
suðausturströnd	suðausturströnd
suður	suður
suðurland	suðurland
suðurleið	suðurleið
suðvestanátt	suðvestanátt
suðvestur	suðvestur
suðvesturhorn	suðvesturhorn
suðvesturland	suðvesturland
sveit	sveit
sveitarfélag	sveitarfélag
sveitarstjóri	sveitarstjóri
svæði	svæði
sær	sær
síðdegi	síðdegi
síðdegisskúr	síðdegisskúr
síðdegisskúrir	síðdegisskúrir
sól	sól
sólarglenna	sólarglenna
sólarglæta	sólarglæta
sólarhringur	sólarhringur
sólbaðsveður	sólbaðsveður
sólskin	sólskin
sólskinsstund	sólskinsstund
súld	súld
tilfelli	tilfelli
tilkynning	tilkynning
tilvik	tilvik
tindur	tindur
tjaldgestur	tjaldgestur
tjónamat	tjónamat
tjörn	tjörn
togari	togari
toppur	toppur
tvöleyti	tvöleyti
tímabil	tímabil
tími	tími
tíuleyti	tíuleyti
tíðarfar	tíðarfar
tún	tún
umbrot	umbrot
umferð	umferð
umferðarslys	umferðarslys
umferðaróhapp	umferðaróhapp
umhverfi	umhverfi
uppsveit	uppsveit
vagn	vagn
vald	vald
varnarlið	varnarlið
varðstjóri	varðstjóri
vatn	vatn
vatnavöxtur	vatnavöxtur
vatnsflaumur	vatnsflaumur
vegagerðarmaður	vegagerðarmaður
vegfarandi	vegfarandi
vegur	vegur
velta	velta
verslunarmannahelgi	verslunarmannahelgi
vestfirðir	vestfirðir
vesturbær	vesturbær
vesturland	vesturland
vetrarlag	vetrarlag
vettvangur	vettvangur
vetur	vetur
veður	veður
veðurblíða	veðurblíða
veðurfar	veðurfar
veðurfarslýsing	veðurfarslýsing
veðurfræði	veðurfræði
veðurfræðingur	veðurfræðingur
veðurhamur	veðurhamur
veðurhæð	veðurhæð
veðurkort	veðurkort
veðurlag	veðurlag
veðurofsi	veðurofsi
veðurskilyrði	veðurskilyrði
veðurspá	veðurspá
veðurstofa	veðurstofa
veðurstofan	veðurstofan
veðurstofustjóri	veðurstofustjóri
vika	vika
vindhraði	vindhraði
vindhviða	vindhviða
vindstyrkur	vindstyrkur
vindur	vindur
virkni	virkni
viðmælandi	viðmælandi
viðvörun	viðvörun
viðvörunarskilti	viðvörunarskilti
von	von
vonskuveður	vonskuveður
vor	vor
væta	væta
vöruflutningabíll	vöruflutningabíll
vöruflutningaflugi	vöruflutningaflugi
yfirlögregluþjónn	yfirlögregluþjónn
yfirmaður	yfirmaður
á	á
ábúandi	ábúandi
áfallahjálp	áfallahjálp
áfangastaður	áfangastaður
ágúst	ágúst
ágústmánuður	ágústmánuður
áhöfn	áhöfn
ár	ár
árekstur	árekstur
árstími	árstími
árstíð	árstíð
átakaveður	átakaveður
átt	átt
él	él
íbúi	íbúi
íbúð	íbúð
íkveikja	íkveikja
ís	ís
ísing	ísing
ísland	ísland
íslendingur	íslendingur
ófærð	ófærð
óhapp	óhapp
ókyrrð	ókyrrð
ólafsvíkurkirkja	ólafsvíkurkirkja
óróahviða	óróahviða
óveður	óveður
óviðrur	óviðrur
ökumaður	ökumaður
ökutæki	ökutæki
önn	önn
öskudagur	öskudagur
öskufall	öskufall
úrfelli	úrfelli
úrhelli	úrhelli
úrkoma	úrkoma
þjóðhátíðardagur	þjóðhátíðardagur
þjóðvegur	þjóðvegur
þoka	þoka
þokuloft	þokuloft
þorri	þorri
þriðjudagskvöld	þriðjudagskvöld
þriðjudagur	þriðjudagur
þrjúleyti	þrjúleyti
þruma	þruma
þrýstingur	þrýstingur
þykkt	þykkt
þyrla	þyrla
núll	núll
einn	einn
tveir	tveir
þrír	þrír
fjórir	fjórir
fimm	fimm
sex	sex
sjö	sjö
átta	átta
níu	níu
tíu	tíu
ellefu	ellefu
tólf	tólf
þrettán	þrettán
fjórtán	fjórtán
fimmtán	fimmtán
sextán	sextán
sautján	sautján
átján	átján
nítján	nítján
tuttugu	tuttugu
þrjátíu	þrjátíu
fjörutíu	fjörutíu
fimmtíu	fimmtíu
sextíu	sextíu
sjötíu	sjötíu
áttatíu	áttatíu
níutíu	níutíu
hundrað	hundrað
þúsund	þúsund
milljón	milljón
	